Unity Editor version:    2022.3.62f3 (96770f904ca7)
Branch:                  2022.3/respin/2022.3.62f2-4af31df585-v2
Build type:              Release
Batch mode:              YES
System name:             Linux
Distro version:          #18~24.04.1-Ubuntu SMP Mon Nov 24 19:46:27 UTC 2025
Kernel version:          6.14.0-1018-aws
Architecture:            x86_64
Available memory:        3816 MB
[Licensing::Module] Trying to connect to existing licensing client channel...
[Licensing::IpcConnector] Channel LicenseClient-ubuntu doesn't exist
[Licensing::Module] Successfully launched the LicensingClient (PId: 105596)
[Licensing::IpcConnector] Successfully connected to: "LicenseClient-ubuntu" at "2026-01-28T08:54:07.377777Z"
[SignatureVerifier] Application signature verification not supported on this platform.
[Licensing::Client] Handshaking with LicensingClient:
  Version:                 1.16.2+bdef8f5
  Session Id:              8331c9f5bbd3405e8e7d92fa9c949977
  Correlation Id:          0e2ec96ac7a6525c09960a04b0b250a3
  External correlation Id: 7539161418006064637
  Machine Id:              3aNmOTX8FMiek9FRz+cJ5E9RyY4=
[Licensing::Module] Successfully connected to LicensingClient on channel: "LicenseClient-ubuntu" (connect: 0.57s, validation: 0.04s, handshake: 0.00s)
[Licensing::IpcConnector] Successfully connected to: "LicenseClient-ubuntu-notifications" at "2026-01-28T08:54:07.418499Z"
[Licensing::Module] Connected to LicensingClient (PId: 105596, launch time: 0.00, total connection time: 0.61s)
[Licensing::Module] Error: Access token is unavailable; failed to update
[Licensing::Client] Error: Code 500 while processing request (status: Unable to update licenses. Errors: No ULF license found.,Token not found in cache)
[Licensing::Client] Error: Code 500 while updating license in client (status: Unable to update licenses. Errors: No ULF license found.,Token not found in cache)
[Licensing::Client] Successfully resolved entitlement details
[Licensing::Module] Serial number assigned to: "13469877301393-UnityPersXXXX"
Pro License: NO
Initialize udev device monitor.
[Licensing::Client] Successfully resolved entitlement details

COMMAND LINE ARGUMENTS:
/home/ubuntu/Unity/Hub/Editor/2022.3.62f3/Editor/Unity
-batchmode
-nographics
-projectPath
/home/ubuntu/clawd/TapToBounce
-executeMethod
BuildScript.BuildAndroid
-quit
-logFile
/home/ubuntu/clawd/unity_build_mega_v2.log
Successfully changed project path to: /home/ubuntu/clawd/TapToBounce
/home/ubuntu/clawd/TapToBounce
[UnityMemory] Configuration Parameters - Can be set up in boot.config
    "memorysetup-bucket-allocator-granularity=16"
    "memorysetup-bucket-allocator-bucket-count=8"
    "memorysetup-bucket-allocator-block-size=33554432"
    "memorysetup-bucket-allocator-block-count=8"
    "memorysetup-main-allocator-block-size=16777216"
    "memorysetup-thread-allocator-block-size=16777216"
    "memorysetup-gfx-main-allocator-block-size=16777216"
    "memorysetup-gfx-thread-allocator-block-size=16777216"
    "memorysetup-cache-allocator-block-size=4194304"
    "memorysetup-typetree-allocator-block-size=2097152"
    "memorysetup-profiler-bucket-allocator-granularity=16"
    "memorysetup-profiler-bucket-allocator-bucket-count=8"
    "memorysetup-profiler-bucket-allocator-block-size=33554432"
    "memorysetup-profiler-bucket-allocator-block-count=8"
    "memorysetup-profiler-allocator-block-size=16777216"
    "memorysetup-profiler-editor-allocator-block-size=1048576"
    "memorysetup-temp-allocator-size-main=16777216"
    "memorysetup-job-temp-allocator-block-size=2097152"
    "memorysetup-job-temp-allocator-block-size-background=1048576"
    "memorysetup-job-temp-allocator-reduction-small-platforms=262144"
    "memorysetup-allocator-temp-initial-block-size-main=262144"
    "memorysetup-allocator-temp-initial-block-size-worker=262144"
    "memorysetup-temp-allocator-size-background-worker=32768"
    "memorysetup-temp-allocator-size-job-worker=262144"
    "memorysetup-temp-allocator-size-preload-manager=33554432"
    "memorysetup-temp-allocator-size-nav-mesh-worker=65536"
    "memorysetup-temp-allocator-size-audio-worker=65536"
    "memorysetup-temp-allocator-size-cloud-worker=32768"
    "memorysetup-temp-allocator-size-gi-baking-worker=262144"
    "memorysetup-temp-allocator-size-gfx=262144"
Player connection [140560771224576]  Target information:

Player connection [140560771224576]  * "[IP] 172.31.22.172 [Port] 55504 [Flags] 2 [Guid] 1937161824 [EditorId] 1937161824 [Version] 1048832 [Id] LinuxEditor(16,172.31.22.172) [Debug] 1 [PackageName] LinuxEditor [ProjectName] Editor" 

Player connection [140560771224576] Host joined multi-casting on [225.0.0.222:54997]...
Player connection [140560771224576] Host joined alternative multi-casting on [225.0.0.222:34997]...
Input System module state changed to: Initialized.
[PhysX] Initialized MultithreadedTaskDispatcher with 2 workers.
Error opening a HTTP REST server port between 38000 and 38100
[Package Manager] UpmClient::Connect -- Connected to IPC stream "Upm-105592" after 0.0 seconds.
[Package Manager] Restoring resolved packages state from cache
[Licensing::Client] Successfully resolved entitlement details
[Package Manager] Registered 32 packages:
  Built-in packages:
    com.unity.modules.ai@1.0.0 (location: /home/ubuntu/clawd/TapToBounce/Library/PackageCache/com.unity.modules.ai@1.0.0)
    com.unity.modules.androidjni@1.0.0 (location: /home/ubuntu/clawd/TapToBounce/Library/PackageCache/com.unity.modules.androidjni@1.0.0)
    com.unity.modules.animation@1.0.0 (location: /home/ubuntu/clawd/TapToBounce/Library/PackageCache/com.unity.modules.animation@1.0.0)
    com.unity.modules.assetbundle@1.0.0 (location: /home/ubuntu/clawd/TapToBounce/Library/PackageCache/com.unity.modules.assetbundle@1.0.0)
    com.unity.modules.audio@1.0.0 (location: /home/ubuntu/clawd/TapToBounce/Library/PackageCache/com.unity.modules.audio@1.0.0)
    com.unity.modules.cloth@1.0.0 (location: /home/ubuntu/clawd/TapToBounce/Library/PackageCache/com.unity.modules.cloth@1.0.0)
    com.unity.modules.director@1.0.0 (location: /home/ubuntu/clawd/TapToBounce/Library/PackageCache/com.unity.modules.director@1.0.0)
    com.unity.modules.imageconversion@1.0.0 (location: /home/ubuntu/clawd/TapToBounce/Library/PackageCache/com.unity.modules.imageconversion@1.0.0)
    com.unity.modules.imgui@1.0.0 (location: /home/ubuntu/clawd/TapToBounce/Library/PackageCache/com.unity.modules.imgui@1.0.0)
    com.unity.modules.jsonserialize@1.0.0 (location: /home/ubuntu/clawd/TapToBounce/Library/PackageCache/com.unity.modules.jsonserialize@1.0.0)
    com.unity.modules.particlesystem@1.0.0 (location: /home/ubuntu/clawd/TapToBounce/Library/PackageCache/com.unity.modules.particlesystem@1.0.0)
    com.unity.modules.physics@1.0.0 (location: /home/ubuntu/clawd/TapToBounce/Library/PackageCache/com.unity.modules.physics@1.0.0)
    com.unity.modules.physics2d@1.0.0 (location: /home/ubuntu/clawd/TapToBounce/Library/PackageCache/com.unity.modules.physics2d@1.0.0)
    com.unity.modules.screencapture@1.0.0 (location: /home/ubuntu/clawd/TapToBounce/Library/PackageCache/com.unity.modules.screencapture@1.0.0)
    com.unity.modules.terrain@1.0.0 (location: /home/ubuntu/clawd/TapToBounce/Library/PackageCache/com.unity.modules.terrain@1.0.0)
    com.unity.modules.terrainphysics@1.0.0 (location: /home/ubuntu/clawd/TapToBounce/Library/PackageCache/com.unity.modules.terrainphysics@1.0.0)
    com.unity.modules.tilemap@1.0.0 (location: /home/ubuntu/clawd/TapToBounce/Library/PackageCache/com.unity.modules.tilemap@1.0.0)
    com.unity.modules.ui@1.0.0 (location: /home/ubuntu/clawd/TapToBounce/Library/PackageCache/com.unity.modules.ui@1.0.0)
    com.unity.modules.uielements@1.0.0 (location: /home/ubuntu/clawd/TapToBounce/Library/PackageCache/com.unity.modules.uielements@1.0.0)
    com.unity.modules.umbra@1.0.0 (location: /home/ubuntu/clawd/TapToBounce/Library/PackageCache/com.unity.modules.umbra@1.0.0)
    com.unity.modules.unityanalytics@1.0.0 (location: /home/ubuntu/clawd/TapToBounce/Library/PackageCache/com.unity.modules.unityanalytics@1.0.0)
    com.unity.modules.unitywebrequest@1.0.0 (location: /home/ubuntu/clawd/TapToBounce/Library/PackageCache/com.unity.modules.unitywebrequest@1.0.0)
    com.unity.modules.unitywebrequestassetbundle@1.0.0 (location: /home/ubuntu/clawd/TapToBounce/Library/PackageCache/com.unity.modules.unitywebrequestassetbundle@1.0.0)
    com.unity.modules.unitywebrequestaudio@1.0.0 (location: /home/ubuntu/clawd/TapToBounce/Library/PackageCache/com.unity.modules.unitywebrequestaudio@1.0.0)
    com.unity.modules.unitywebrequesttexture@1.0.0 (location: /home/ubuntu/clawd/TapToBounce/Library/PackageCache/com.unity.modules.unitywebrequesttexture@1.0.0)
    com.unity.modules.unitywebrequestwww@1.0.0 (location: /home/ubuntu/clawd/TapToBounce/Library/PackageCache/com.unity.modules.unitywebrequestwww@1.0.0)
    com.unity.modules.vehicles@1.0.0 (location: /home/ubuntu/clawd/TapToBounce/Library/PackageCache/com.unity.modules.vehicles@1.0.0)
    com.unity.modules.video@1.0.0 (location: /home/ubuntu/clawd/TapToBounce/Library/PackageCache/com.unity.modules.video@1.0.0)
    com.unity.modules.vr@1.0.0 (location: /home/ubuntu/clawd/TapToBounce/Library/PackageCache/com.unity.modules.vr@1.0.0)
    com.unity.modules.wind@1.0.0 (location: /home/ubuntu/clawd/TapToBounce/Library/PackageCache/com.unity.modules.wind@1.0.0)
    com.unity.modules.xr@1.0.0 (location: /home/ubuntu/clawd/TapToBounce/Library/PackageCache/com.unity.modules.xr@1.0.0)
    com.unity.modules.subsystems@1.0.0 (location: /home/ubuntu/clawd/TapToBounce/Library/PackageCache/com.unity.modules.subsystems@1.0.0)
ALSA lib confmisc.c:855:(parse_card) cannot find card '0'
ALSA lib conf.c:5204:(_snd_config_evaluate) function snd_func_card_inum returned error: No such file or directory
ALSA lib confmisc.c:422:(snd_func_concat) error evaluating strings
ALSA lib conf.c:5204:(_snd_config_evaluate) function snd_func_concat returned error: No such file or directory
ALSA lib confmisc.c:1342:(snd_func_refer) error evaluating name
ALSA lib conf.c:5204:(_snd_config_evaluate) function snd_func_refer returned error: No such file or directory
ALSA lib conf.c:5727:(snd_config_expand) Evaluate error: No such file or directory
ALSA lib pcm.c:2721:(snd_pcm_open_noupdate) Unknown PCM default
FMOD failed to initialize the output device.: "Error initializing output device. " (60)
Forced to initialize FMOD to to the device driver's system output rate 48000, this may impact performance and/or give inconsistent experiences compared to selected sample rate 48000
ALSA lib confmisc.c:855:(parse_card) cannot find card '0'
ALSA lib conf.c:5204:(_snd_config_evaluate) function snd_func_card_inum returned error: No such file or directory
ALSA lib confmisc.c:422:(snd_func_concat) error evaluating strings
ALSA lib conf.c:5204:(_snd_config_evaluate) function snd_func_concat returned error: No such file or directory
ALSA lib confmisc.c:1342:(snd_func_refer) error evaluating name
ALSA lib conf.c:5204:(_snd_config_evaluate) function snd_func_refer returned error: No such file or directory
ALSA lib conf.c:5727:(snd_config_expand) Evaluate error: No such file or directory
ALSA lib pcm.c:2721:(snd_pcm_open_noupdate) Unknown PCM default
FMOD failed to initialize the output device.: "Error initializing output device. " (60)
FMOD initialized on nosound output
[Subsystems] No new subsystems found in resolved package list.
Package Manager log level set to [2]
[Package Manager] Done registering packages in 0.03 seconds
[Licensing::Client] Successfully resolved entitlement details
Refreshing native plugins compatible for Editor in 0.00 ms, found 0 plugins.
Preloading 0 native plugins for Editor in 0.00 ms.
Initialize engine version: 2022.3.62f3 (96770f904ca7)
[Subsystems] Discovering subsystems at path /home/ubuntu/Unity/Hub/Editor/2022.3.62f3/Editor/Data/Resources/UnitySubsystems
[Subsystems] Discovering subsystems at path /home/ubuntu/clawd/TapToBounce/Assets
Forcing GfxDevice: Null
GfxDevice: creating device client; threaded=0; jobified=0
NullGfxDevice:
    Version:  NULL 1.0 [1.0]
    Renderer: Null Device
    Vendor:   Unity Technologies
[Licensing::Client] Successfully resolved entitlement details
Initialize mono
Mono path[0] = '/home/ubuntu/Unity/Hub/Editor/2022.3.62f3/Editor/Data/Managed'
Mono path[1] = '/home/ubuntu/Unity/Hub/Editor/2022.3.62f3/Editor/Data/MonoBleedingEdge/lib/mono/unityjit-linux'
Mono config path = '/home/ubuntu/Unity/Hub/Editor/2022.3.62f3/Editor/Data/MonoBleedingEdge/etc'
Using monoOptions --debugger-agent=transport=dt_socket,embedding=1,server=y,suspend=n,address=127.0.0.1:56592
Using cacheserver namespaces - metadata:defaultmetadata, artifacts:defaultartifacts
Using cacheserver namespaces - metadata:defaultmetadata, artifacts:defaultartifacts
ImportWorker Server TCP listen port: 0
Begin MonoManager ReloadAssembly
Registering precompiled unity dll's ...
Register platform support module: /home/ubuntu/Unity/Hub/Editor/2022.3.62f3/Editor/Data/PlaybackEngines/AndroidPlayer/UnityEditor.Android.Extensions.dll
Register platform support module: /home/ubuntu/Unity/Hub/Editor/2022.3.62f3/Editor/Data/PlaybackEngines/LinuxStandaloneSupport/UnityEditor.LinuxStandalone.Extensions.dll
Registered in 0.004825 seconds.
- Loaded All Assemblies, in  0.271 seconds
Native extension for LinuxStandalone target not found
Native extension for Android target not found
Android Extension - Scanning For ADB Devices 55 ms
Mono: successfully reloaded assembly
- Finished resetting the current domain, in  0.293 seconds
Domain Reload Profiling: 564ms
	BeginReloadAssembly (66ms)
		ExecutionOrderSort (0ms)
		DisableScriptedObjects (0ms)
		BackupInstance (0ms)
		ReleaseScriptingObjects (0ms)
		CreateAndSetChildDomain (1ms)
	RebuildCommonClasses (29ms)
	RebuildNativeTypeToScriptingClass (6ms)
	initialDomainReloadingComplete (52ms)
	LoadAllAssembliesAndSetupDomain (118ms)
		LoadAssemblies (66ms)
		RebuildTransferFunctionScriptingTraits (0ms)
		AnalyzeDomain (116ms)
			TypeCache.Refresh (115ms)
				TypeCache.ScanAssembly (103ms)
			ScanForSourceGeneratedMonoScriptInfo (0ms)
			ResolveRequiredComponents (0ms)
	FinalizeReload (294ms)
		ReleaseScriptCaches (0ms)
		RebuildScriptCaches (0ms)
		SetupLoadedEditorAssemblies (252ms)
			LogAssemblyErrors (0ms)
			InitializePlatformSupportModulesInManaged (117ms)
			SetLoadedEditorAssemblies (4ms)
			RefreshPlugins (0ms)
			BeforeProcessingInitializeOnLoad (2ms)
			ProcessInitializeOnLoadAttributes (92ms)
			ProcessInitializeOnLoadMethodAttributes (36ms)
			AfterProcessingInitializeOnLoad (0ms)
			EditorAssembliesLoaded (0ms)
		ExecutionOrderSort2 (0ms)
		AwakeInstancesAfterBackupRestoration (0ms)
[Licensing::Client] Successfully resolved entitlement details
[Licensing::Client] Successfully resolved entitlement details
Application.AssetDatabase Initial Refresh Start
Warning: Disk space low. The project is on a drive with diskspace below 1.00 GB. Please free up some space for Unity to work correctly.
[ScriptCompilation] Requested script compilation because: Assetdatabase observed changes in script compilation related files
[40m[32minfo[39m[22m[49m: Microsoft.Hosting.Lifetime[14]
      Now listening on: http://unix:/tmp/ilpp.sock-7e3f61818f1a0fd1fd3d3bf49d89c741
[40m[32minfo[39m[22m[49m: Microsoft.Hosting.Lifetime[0]
      Application started. Press Ctrl+C to shut down.
[40m[32minfo[39m[22m[49m: Microsoft.Hosting.Lifetime[0]
      Hosting environment: Production
[40m[32minfo[39m[22m[49m: Microsoft.Hosting.Lifetime[0]
      Content root path: /home/ubuntu/clawd/TapToBounce/
[40m[32minfo[39m[22m[49m: Microsoft.AspNetCore.Hosting.Diagnostics[1]
      Request starting HTTP/2 POST http://ilpp/UnityILPP.PostProcessing/Ping application/grpc -
[40m[32minfo[39m[22m[49m: Microsoft.AspNetCore.Routing.EndpointMiddleware[0]
      Executing endpoint 'gRPC - /UnityILPP.PostProcessing/Ping'
[40m[32minfo[39m[22m[49m: Microsoft.AspNetCore.Routing.EndpointMiddleware[1]
      Executed endpoint 'gRPC - /UnityILPP.PostProcessing/Ping'
[40m[32minfo[39m[22m[49m: Microsoft.AspNetCore.Hosting.Diagnostics[2]
      Request finished HTTP/2 POST http://ilpp/UnityILPP.PostProcessing/Ping application/grpc - - 200 - application/grpc 40.0819ms
Starting: /home/ubuntu/Unity/Hub/Editor/2022.3.62f3/Editor/Data/bee_backend --ipc --defer-dag-verification --dagfile="Library/Bee/1300b0aE.dag" --continue-on-failure --profile="Library/Bee/backend1.traceevents" ScriptAssemblies
WorkingDir: /home/ubuntu/clawd/TapToBounce
DisplayProgressbar: Compiling Scripts
ExitCode: 0 Duration: 3s679ms
[101/107    1s] Csc Library/Bee/artifacts/1300b0aE.dag/Assembly-CSharp.dll (+2 others)
[102/107    0s] CopyFiles Library/ScriptAssemblies/Assembly-CSharp.dll
[103/107    0s] CopyFiles Library/ScriptAssemblies/Assembly-CSharp.pdb
[104/107    1s] Csc Library/Bee/artifacts/1300b0aE.dag/Assembly-CSharp-Editor.dll (+2 others)
[105/107    0s] CopyFiles Library/ScriptAssemblies/Assembly-CSharp-Editor.pdb
[106/107    0s] CopyFiles Library/ScriptAssemblies/Assembly-CSharp-Editor.dll
*** Tundra build success (3.67 seconds), 6 items updated, 107 evaluated
Total cache size 0
Total cache size after purge 0
AssetDatabase: script compilation time: 4.061398s
Begin MonoManager ReloadAssembly
- Loaded All Assemblies, in  0.184 seconds
Refreshing native plugins compatible for Editor in 0.00 ms, found 0 plugins.
Preloading 0 native plugins for Editor in 0.00 ms.
Start importing Assets/Editor/BuildScript.cs using Guid(51b8c550aabe01563859fdee9516beb7) Importer(-1,00000000000000000000000000000000) [PhysX] Initialized MultithreadedTaskDispatcher with 2 workers.
 -> (artifact id: 'a560ee08c2303266295f4acf4881fb3f') in 0.014174 seconds
Start importing Assets/Scripts/Obstacle.cs using Guid(54dc31d7d34389838ae57b308ba087dd) Importer(-1,00000000000000000000000000000000) [PhysX] Initialized MultithreadedTaskDispatcher with 2 workers.
 -> (artifact id: '64f4d798fb23fe29a65814fbd90d7f85') in 0.001090 seconds
Start importing Assets/Scripts/BuildScript.cs using Guid(457092ed2094bdcfab4c84f67a3a3cff) Importer(-1,00000000000000000000000000000000) [PhysX] Initialized MultithreadedTaskDispatcher with 2 workers.
 -> (artifact id: '7e1bb2b9b4af1e08c316e8ac84d4df15') in 0.000822 seconds
Start importing Assets/Scripts/LevelGenerator.cs using Guid(ca806496fdfc3ff4f8bb3b665e2ff848) Importer(-1,00000000000000000000000000000000) [PhysX] Initialized MultithreadedTaskDispatcher with 2 workers.
 -> (artifact id: '42a7ed310cf3bb066505c4b210b2ee0d') in 0.000724 seconds
Start importing Assets/Scripts/MovingPlatform.cs using Guid(0b985ddd2e8298c0fb18917f36d5afc0) Importer(-1,00000000000000000000000000000000) [PhysX] Initialized MultithreadedTaskDispatcher with 2 workers.
 -> (artifact id: '12b3d668aa4a7f3981a8adfd31e172a6') in 0.000687 seconds
Start importing Assets/Scripts/PowerUp.cs using Guid(7bd82ee3a8f6227c8992bde7131cbe36) Importer(-1,00000000000000000000000000000000) [PhysX] Initialized MultithreadedTaskDispatcher with 2 workers.
 -> (artifact id: 'fe14880a78dd84ad0a3260edf6b22498') in 0.000695 seconds
Start importing Assets/Scripts/SoundManager.cs using Guid(ec77e49425f14cd9b9274fa3dbedb270) Importer(-1,00000000000000000000000000000000) [PhysX] Initialized MultithreadedTaskDispatcher with 2 workers.
 -> (artifact id: 'afeed2691e082d454166051952d2c575') in 0.003255 seconds
Start importing Assets/Scripts/Bounce.cs using Guid(5e89a5ed46788afb5903251d90b1e1f8) Importer(-1,00000000000000000000000000000000) [PhysX] Initialized MultithreadedTaskDispatcher with 2 workers.
 -> (artifact id: '728ee26e3f259c15a25a6dbc272a99c0') in 0.001351 seconds
Refreshing native plugins compatible for Editor in 0.00 ms, found 0 plugins.
Native extension for LinuxStandalone target not found
Native extension for Android target not found
Mono: successfully reloaded assembly
- Finished resetting the current domain, in  0.265 seconds
Domain Reload Profiling: 449ms
	BeginReloadAssembly (117ms)
		ExecutionOrderSort (0ms)
		DisableScriptedObjects (4ms)
		BackupInstance (0ms)
		ReleaseScriptingObjects (0ms)
		CreateAndSetChildDomain (29ms)
	RebuildCommonClasses (26ms)
	RebuildNativeTypeToScriptingClass (5ms)
	initialDomainReloadingComplete (20ms)
	LoadAllAssembliesAndSetupDomain (17ms)
		LoadAssemblies (55ms)
		RebuildTransferFunctionScriptingTraits (0ms)
		AnalyzeDomain (13ms)
			TypeCache.Refresh (12ms)
				TypeCache.ScanAssembly (6ms)
			ScanForSourceGeneratedMonoScriptInfo (1ms)
			ResolveRequiredComponents (0ms)
	FinalizeReload (265ms)
		ReleaseScriptCaches (0ms)
		RebuildScriptCaches (0ms)
		SetupLoadedEditorAssemblies (161ms)
			LogAssemblyErrors (0ms)
			InitializePlatformSupportModulesInManaged (15ms)
			SetLoadedEditorAssemblies (3ms)
			RefreshPlugins (0ms)
			BeforeProcessingInitializeOnLoad (20ms)
			ProcessInitializeOnLoadAttributes (107ms)
			ProcessInitializeOnLoadMethodAttributes (13ms)
			AfterProcessingInitializeOnLoad (3ms)
			EditorAssembliesLoaded (0ms)
		ExecutionOrderSort2 (0ms)
		AwakeInstancesAfterBackupRestoration (3ms)
Refreshing native plugins compatible for Editor in 0.00 ms, found 0 plugins.
Preloading 0 native plugins for Editor in 0.00 ms.
Asset Pipeline Refresh (id=9cfcb90ca1e5af180a006e3811d03a47): Total: 4.641 seconds - Initiated by InitialRefreshV2(ForceSynchronousImport)
	Summary:
		Imports: total=8 (actual=8, local cache=0, cache server=0)
		Asset DB Process Time: managed=3 ms, native=75 ms
		Asset DB Callback time: managed=38 ms, native=1 ms
		Scripting: domain reloads=1, domain reload time=456 ms, compile time=4063 ms, other=3 ms
		Project Asset Count: scripts=95, non-scripts=34
		Asset File Changes: new=0, changed=1, moved=0, deleted=0
		Scan Filter Count: 1
	InvokeBeforeRefreshCallbacks: 0.114ms
	ApplyChangesToAssetFolders: 0.059ms
	Scan: 10.105ms
	OnSourceAssetsModified: 2.457ms
	GetAllGuidsForCategorization: 0.015ms
	CategorizeAssets: 0.932ms
	ImportOutOfDateAssets: 294.019ms (-3797.966ms without children)
		ImportManagerImport: 28.366ms (4.978ms without children)
			ImportInProcess: 23.360ms
			UpdateCategorizedAssets: 0.027ms
		CompileScripts: 4063.101ms
		ReloadNativeAssets: 0.001ms
		UnloadImportedAssets: 0.103ms
		ReloadImportedAssets: 0.259ms
		EnsureUptoDateAssetsAreRegisteredWithGuidPM: 0.027ms
		InitializingProgressBar: 0.000ms
		PostProcessAllAssetNotificationsAddChangedAssets: 0.000ms
		OnDemandSchedulerStart: 0.128ms
	PostProcessAllAssets: 36.105ms
	Hotreload: 0.977ms
	GatherAllCurrentPrimaryArtifactRevisions: 0.002ms
	UnloadStreamsBegin: 0.410ms
	PersistCurrentRevisions: 0.044ms
	UnloadStreamsEnd: 0.001ms
	GenerateScriptTypeHashes: 0.002ms
	Untracked: 4296.176ms
Application.AssetDatabase Initial Refresh End
Scanning for USB devices : 0.088ms
Initializing Unity extensions:
[Licensing::Client] Successfully resolved entitlement details
UpdateMenuTitleForLanguage: 10
[MODES] ModeService[none].Initialize
[MODES] ModeService[none].LoadModes
[MODES] Loading mode Default (0) for mode-current-id-TapToBounce
[PhysX] Initialized MultithreadedTaskDispatcher with 2 workers.
ProgressiveSceneManager::Cancel()
Unloading 3 Unused Serialized files (Serialized files now loaded: 0)
Unloading 14 unused Assets / (369.8 KB). Loaded Objects now: 531.
Memory consumption went from 69.3 MB to 68.9 MB.
Total: 3.662534 ms (FindLiveObjects: 0.034864 ms CreateObjectMapping: 0.003867 ms MarkObjects: 3.385410 ms  DeleteObjects: 0.237106 ms)

DisplayProgressbar: Checking prerequisites
Android PostProcess task "Checking prerequisites" took 12.172 ms
DisplayProgressbar: Detect Java Development Kit (JDK)
Android PostProcess task "Detect Java Development Kit (JDK)" took 62.0487 ms
DisplayProgressbar: Detecting Android SDK
AndroidSDKTools:

	root          : /home/ubuntu/Unity/Hub/Editor/2022.3.62f3/Editor/Data/PlaybackEngines/AndroidPlayer/SDK
	cmdline-tools : /home/ubuntu/Unity/Hub/Editor/2022.3.62f3/Editor/Data/PlaybackEngines/AndroidPlayer/SDK/cmdline-tools/6.0
	platform-tools: /home/ubuntu/Unity/Hub/Editor/2022.3.62f3/Editor/Data/PlaybackEngines/AndroidPlayer/SDK/platform-tools
	build-tools   : /home/ubuntu/Unity/Hub/Editor/2022.3.62f3/Editor/Data/PlaybackEngines/AndroidPlayer/SDK/build-tools/34.0.0

	adb           : /home/ubuntu/Unity/Hub/Editor/2022.3.62f3/Editor/Data/PlaybackEngines/AndroidPlayer/SDK/platform-tools/adb

Android PostProcess task "Detecting Android SDK" took 2348.4196 ms
DisplayProgressbar: Detect Android NDK
Android PostProcess task "Detect Android NDK" took 1.4775 ms
Android PostProcess task "Trying to find a suitable Android device" took 0.3784 ms
DisplayProgressbar: Checking Graphics API compatibility
Android PostProcess task "Checking Graphics API compatibility" took 0.8376 ms
DisplayProgressbar: Check resources
Android PostProcess task "Check resources" took 0.1349 ms
DisplayProgressbar: Check Android Player Settings
Android PostProcess task "Check Android Player Settings" took 0.1159 ms
Launched and connected shader compiler UnityShaderCompiler after 0.02 seconds
[40m[32minfo[39m[22m[49m: Microsoft.AspNetCore.Hosting.Diagnostics[1]
      Request starting HTTP/2 POST http://ilpp/UnityILPP.PostProcessing/Ping application/grpc -
[40m[32minfo[39m[22m[49m: Microsoft.AspNetCore.Routing.EndpointMiddleware[0]
      Executing endpoint 'gRPC - /UnityILPP.PostProcessing/Ping'
[40m[32minfo[39m[22m[49m: Microsoft.AspNetCore.Routing.EndpointMiddleware[1]
      Executed endpoint 'gRPC - /UnityILPP.PostProcessing/Ping'
[40m[32minfo[39m[22m[49m: Microsoft.AspNetCore.Hosting.Diagnostics[2]
      Request finished HTTP/2 POST http://ilpp/UnityILPP.PostProcessing/Ping application/grpc - - 200 - application/grpc 5.1774ms
Starting: /home/ubuntu/Unity/Hub/Editor/2022.3.62f3/Editor/Data/bee_backend --ipc --defer-dag-verification --dagfile="Library/Bee/1300b0aESkipCompile.dag" --continue-on-failure --profile="Library/Bee/backend1.traceevents" ScriptAssembliesAndTypeDB
WorkingDir: /home/ubuntu/clawd/TapToBounce
DisplayProgressbar: Compiling Scripts
ExitCode: 0 Duration: 0s193ms
[2/3        0s] BuildPlayerDataGenerator Library/BuildPlayerData/Editor/TypeDb-All.json
*** Tundra build success (0.18 seconds), 1 items updated, 3 evaluated
Total cache size 0
Total cache size after purge 0
Asset Pipeline Refresh (id=a4309c667af4ab301ab2c88f147ef391): Total: 0.004 seconds - Initiated by RefreshV2(NoUpdateAssetOptions)
[ScriptCompilation] Requested script compilation because: Recompiling scripts for player build.
BuildPlayer: start building target 13
[40m[32minfo[39m[22m[49m: Microsoft.AspNetCore.Hosting.Diagnostics[1]
      Request starting HTTP/2 POST http://ilpp/UnityILPP.PostProcessing/Ping application/grpc -
[40m[32minfo[39m[22m[49m: Microsoft.AspNetCore.Routing.EndpointMiddleware[0]
      Executing endpoint 'gRPC - /UnityILPP.PostProcessing/Ping'
[40m[32minfo[39m[22m[49m: Microsoft.AspNetCore.Routing.EndpointMiddleware[1]
      Executed endpoint 'gRPC - /UnityILPP.PostProcessing/Ping'
[40m[32minfo[39m[22m[49m: Microsoft.AspNetCore.Hosting.Diagnostics[2]
      Request finished HTTP/2 POST http://ilpp/UnityILPP.PostProcessing/Ping application/grpc - - 200 - application/grpc 0.9619ms
Starting: /home/ubuntu/Unity/Hub/Editor/2022.3.62f3/Editor/Data/bee_backend --ipc --defer-dag-verification --dagfile="Library/Bee/1300b0aP.dag" --continue-on-failure --profile="Library/Bee/backend1.traceevents" ScriptAssembliesAndTypeDB
WorkingDir: /home/ubuntu/clawd/TapToBounce
Starting: /home/ubuntu/Unity/Hub/Editor/2022.3.62f3/Editor/Data/Tools/netcorerun/netcorerun "/home/ubuntu/Unity/Hub/Editor/2022.3.62f3/Editor/Data/Tools/BuildPipeline/ScriptCompilationBuildProgram.exe" "Library/Bee/1300b0aP.dag.json" "Library/Bee/1300b0aP-inputdata.json" "Library/Bee/buildprogram0.traceevents"
WorkingDir: /home/ubuntu/clawd/TapToBounce
ExitCode: 4 Duration: 0s352ms
Rebuilding DAG because FileSignature timestamp changed: Library/Bee/1300b0aP-inputdata.json
*** Tundra requires additional run (0.24 seconds), 1 items updated, 69 evaluated
ExitCode: 0 Duration: 0s248ms
Starting: /home/ubuntu/Unity/Hub/Editor/2022.3.62f3/Editor/Data/bee_backend --ipc --defer-dag-verification --dagfile="Library/Bee/1300b0aP.dag" --continue-on-failure --dagfilejson="Library/Bee/1300b0aP.dag.json" --profile="Library/Bee/backend2.traceevents" ScriptAssembliesAndTypeDB
WorkingDir: /home/ubuntu/clawd/TapToBounce
## Script Compilation Error for: Csc Library/Bee/artifacts/1300b0aP.dag/Assembly-CSharp.dll (+2 others)
## CmdLine: "/home/ubuntu/Unity/Hub/Editor/2022.3.62f3/Editor/Data/NetCoreRuntime/dotnet" exec "/home/ubuntu/Unity/Hub/Editor/2022.3.62f3/Editor/Data/DotNetSdkRoslyn/csc.dll" /nostdlib /noconfig /shared "@Library/Bee/artifacts/1300b0aP.dag/Assembly-CSharp.rsp" "@Library/Bee/artifacts/1300b0aP.dag/Assembly-CSharp.rsp2"
## Output:
Assets/Scripts/BuildScript.cs(11,9): error CS0103: The name 'BuildPipeline' does not exist in the current context
Assets/Scripts/BuildScript.cs(11,54): error CS0103: The name 'BuildTarget' does not exist in the current context
Assets/Scripts/BuildScript.cs(11,75): error CS0103: The name 'BuildOptions' does not exist in the current context
Editor/2022.3.62f3/Editor/Data/Tools/Unity.SourceGenerators/Unity.Properties.SourceGenerator.dll"
-analyzer:"/home/ubuntu/Unity/Hub/Editor/2022.3.62f3/Editor/Data/Tools/Unity.SourceGenerators/Unity.SourceGenerators.dll"
"Assets/Scripts/Bounce.cs"
"Assets/Scripts/BuildScript.cs"
"Assets/Scripts/LevelGenerator.cs"
"Assets/Scripts/MovingPlatform.cs"
"Assets/Scripts/Obstacle.cs"
"Assets/Scripts/PowerUp.cs"
"Assets/Scripts/SoundManager.cs"
-langversion:9.0
/deterministic
/optimize+
/debug:portable
/nologo
/RuntimeMetadataVersion:v4.0.30319
/nowarn:0169
/nowarn:0649
/nowarn:0282
/nowarn:1701
/nowarn:1702
/utf8output
/preferreduilang:en-US
/additionalfile:"Library/Bee/artifacts/1300b0aP.dag/Assembly-CSharp.UnityAdditionalFile.txt"
Total cache size 0
Total cache size after purge 0
Assets/Scripts/BuildScript.cs(11,9): error CS0103: The name 'BuildPipeline' does not exist in the current context
Assets/Scripts/BuildScript.cs(11,54): error CS0103: The name 'BuildTarget' does not exist in the current context
Assets/Scripts/BuildScript.cs(11,75): error CS0103: The name 'BuildOptions' does not exist in the current context
ExitCode: 3 Duration: 0s285ms
Finished compiling graph: 76 nodes, 219 flattened edges (215 ToBuild, 2 ToUse), maximum node priority 14
[69/75      0s] WriteText Library/Bee/artifacts/1300b0aP.dag/Assembly-CSharp.rsp
[70/75      0s] Csc Library/Bee/artifacts/1300b0aP.dag/Assembly-CSharp.dll (+2 others)
##### CommandLine
"/home/ubuntu/Unity/Hub/Editor/2022.3.62f3/Editor/Data/NetCoreRuntime/dotnet" exec "/home/ubuntu/Unity/Hub/Editor/2022.3.62f3/Editor/Data/DotNetSdkRoslyn/csc.dll" /nostdlib /noconfig /shared "@Library/Bee/artifacts/1300b0aP.dag/Assembly-CSharp.rsp" "@Library/Bee/artifacts/1300b0aP.dag/Assembly-CSharp.rsp2"
##### Contents of Library/Bee/artifacts/1300b0aP.dag/Assembly-CSharp.rsp
-target:library
-out:"Library/Bee/artifacts/1300b0aP.dag/Assembly-CSharp.dll"
-refout:"Library/Bee/artifacts/1300b0aP.dag/Assembly-CSharp.ref.dll"
-define:UNITY_2022_3_62
-define:UNITY_2022_3
-define:UNITY_2022
-define:UNITY_5_3_OR_NEWER
-define:UNITY_5_4_OR_NEWER
-define:UNITY_5_5_OR_NEWER
-define:UNITY_5_6_OR_NEWER
-define:UNITY_2017_1_OR_NEWER
-define:UNITY_2017_2_OR_NEWER
-define:UNITY_2017_3_OR_NEWER
-define:UNITY_2017_4_OR_NEWER
-define:UNITY_2018_1_OR_NEWER
-define:UNITY_2018_2_OR_NEWER
-define:UNITY_2018_3_OR_NEWER
-define:UNITY_2018_4_OR_NEWER
-define:UNITY_2019_1_OR_NEWER
-define:UNITY_2019_2_OR_NEWER
-define:UNITY_2019_3_OR_NEWER
-define:UNITY_2019_4_OR_NEWER
-define:UNITY_2020_1_OR_NEWER
-define:UNITY_2020_2_OR_NEWER
-define:UNITY_2020_3_OR_NEWER
-define:UNITY_2021_1_OR_NEWER
-define:UNITY_2021_2_OR_NEWER
-define:UNITY_2021_3_OR_NEWER
-define:UNITY_2022_1_OR_NEWER
-define:UNITY_2022_2_OR_NEWER
-define:UNITY_2022_3_OR_NEWER
-define:ENABLE_AR
-define:ENABLE_AUDIO
-define:ENABLE_CACHING
-define:ENABLE_CLOTH
-define:ENABLE_EVENT_QUEUE
-define:ENABLE_MICROPHONE
-define:ENABLE_MULTIPLE_DISPLAYS
-define:ENABLE_PHYSICS
-define:ENABLE_TEXTURE_STREAMING
-define:ENABLE_LZMA
-define:ENABLE_UNITYEVENTS
-define:ENABLE_VR
-define:ENABLE_WEBCAM
-define:ENABLE_UNITYWEBREQUEST
-define:ENABLE_WWW
-define:ENABLE_CLOUD_SERVICES
-define:ENABLE_CLOUD_SERVICES_ADS
-define:ENABLE_CLOUD_SERVICES_USE_WEBREQUEST
-define:ENABLE_CLOUD_SERVICES_CRASH_REPORTING
-define:ENABLE_CLOUD_SERVICES_NATIVE_CRASH_REPORTING
-define:ENABLE_CLOUD_SERVICES_PURCHASING
-define:ENABLE_CLOUD_SERVICES_ANALYTICS
-define:ENABLE_CLOUD_SERVICES_BUILD
-define:ENABLE_EDITOR_GAME_SERVICES
-define:ENABLE_UNITY_GAME_SERVICES_ANALYTICS_SUPPORT
-define:ENABLE_CLOUD_LICENSE
-define:ENABLE_EDITOR_HUB_LICENSE
-define:ENABLE_WEBSOCKET_CLIENT
-define:ENABLE_GENERATE_NATIVE_PLUGINS_FOR_ASSEMBLIES_API
-define:ENABLE_DIRECTOR_AUDIO
-define:ENABLE_DIRECTOR_TEXTURE
-define:ENABLE_MANAGED_JOBS
-define:ENABLE_MANAGED_TRANSFORM_JOBS
-define:ENABLE_MANAGED_ANIMATION_JOBS
-define:ENABLE_MANAGED_AUDIO_JOBS
-define:ENABLE_RUNTIME_PERMISSIONS
-define:ENABLE_ENGINE_CODE_STRIPPING
-define:ENABLE_ONSCREEN_KEYBOARD
-define:ENABLE_MANAGED_UNITYTLS
-define:INCLUDE_DYNAMIC_GI
-define:ENABLE_SCRIPTING_GC_WBARRIERS
-define:PLATFORM_SUPPORTS_MONO
-define:ENABLE_VIDEO
-define:ENABLE_ACCELERATOR_CLIENT_DEBUGGING
-define:ENABLE_NAVIGATION_PACKAGE_DEBUG_VISUALIZATION
-define:ENABLE_NAVIGATION_HEIGHTMESH_RUNTIME_SUPPORT
-define:ENABLE_NAVIGATION_UI_REQUIRES_PACKAGE
-define:PLATFORM_ANDROID
-define:TEXTCORE_1_0_OR_NEWER
-define:UNITY_ANDROID
-define:UNITY_ANDROID_API
-define:ENABLE_EGL
-define:ENABLE_NETWORK
-define:ENABLE_RUNTIME_GI
-define:ENABLE_CRUNCH_TEXTURE_COMPRESSION
-define:UNITY_CAN_SHOW_SPLASH_SCREEN
-define:UNITY_HAS_GOOGLEVR
-define:UNITY_HAS_TANGO
-define:ENABLE_SPATIALTRACKING
-define:ENABLE_ETC_COMPRESSION
-define:PLATFORM_EXTENDS_VULKAN_DEVICE
-define:PLATFORM_HAS_MULTIPLE_SWAPCHAINS
-define:UNITY_ANDROID_SUPPORTS_SHADOWFILES
-define:PLATFORM_UPDATES_TIME_OUTSIDE_OF_PLAYER_LOOP
-define:ENABLE_UNITYADS_RUNTIME
-define:UNITY_UNITYADS_API
-define:ENABLE_IL2CPP
-define:NET_STANDARD_2_0
-define:NET_STANDARD
-define:NET_STANDARD_2_1
-define:NETSTANDARD
-define:NETSTANDARD2_1
-define:ENABLE_CUSTOM_RENDER_TEXTURE
-define:ENABLE_DIRECTOR
-define:ENABLE_LOCALIZATION
-define:ENABLE_SPRITES
-define:ENABLE_TERRAIN
-define:ENABLE_TILEMAP
-define:ENABLE_TIMELINE
-define:ENABLE_LEGACY_INPUT_MANAGER
-define:TEXTCORE_FONT_ENGINE_1_5_OR_NEWER
-define:CSHARP_7_OR_LATER
-define:CSHARP_7_3_OR_NEWER
-r:"/home/ubuntu/Unity/Hub/Editor/2022.3.62f3/Editor/Data/NetStandard/Extensions/2.0.0/System.Runtime.InteropServices.WindowsRuntime.dll"
-r:"/home/ubuntu/Unity/Hub/Editor/2022.3.62f3/Editor/Data/NetStandard/compat/2.1.0/shims/netfx/System.ComponentModel.Composition.dll"
-r:"/home/ubuntu/Unity/Hub/Editor/2022.3.62f3/Editor/Data/NetStandard/compat/2.1.0/shims/netfx/System.Core.dll"
-r:"/home/ubuntu/Unity/Hub/Editor/2022.3.62f3/Editor/Data/NetStandard/compat/2.1.0/shims/netfx/System.Data.dll"
-r:"/home/ubuntu/Unity/Hub/Editor/2022.3.62f3/Editor/Data/NetStandard/compat/2.1.0/shims/netfx/System.Drawing.dll"
-r:"/home/ubuntu/Unity/Hub/Editor/2022.3.62f3/Editor/Data/NetStandard/compat/2.1.0/shims/netfx/System.IO.Compression.FileSystem.dll"
-r:"/home/ubuntu/Unity/Hub/Editor/2022.3.62f3/Editor/Data/NetStandard/compat/2.1.0/shims/netfx/System.Net.dll"
-r:"/home/ubuntu/Unity/Hub/Editor/2022.3.62f3/Editor/Data/NetStandard/compat/2.1.0/shims/netfx/System.Numerics.dll"
-r:"/home/ubuntu/Unity/Hub/Editor/2022.3.62f3/Editor/Data/NetStandard/compat/2.1.0/shims/netfx/System.Runtime.Serialization.dll"
-r:"/home/ubuntu/Unity/Hub/Editor/2022.3.62f3/Editor/Data/NetStandard/compat/2.1.0/shims/netfx/System.ServiceModel.Web.dll"
-r:"/home/ubuntu/Unity/Hub/Editor/2022.3.62f3/Editor/Data/NetStandard/compat/2.1.0/shims/netfx/System.Transactions.dll"
-r:"/home/ubuntu/Unity/Hub/Editor/2022.3.62f3/Editor/Data/NetStandard/compat/2.1.0/shims/netfx/System.Web.dll"
-r:"/home/ubuntu/Unity/Hub/Editor/2022.3.62f3/Editor/Data/NetStandard/compat/2.1.0/shims/netfx/System.Windows.dll"
-r:"/home/ubuntu/Unity/Hub/Editor/2022.3.62f3/Editor/Data/NetStandard/compat/2.1.0/shims/netfx/System.Xml.Linq.dll"
-r:"/home/ubuntu/Unity/Hub/Editor/2022.3.62f3/Editor/Data/NetStandard/compat/2.1.0/shims/netfx/System.Xml.Serialization.dll"
-r:"/home/ubuntu/Unity/Hub/Editor/2022.3.62f3/Editor/Data/NetStandard/compat/2.1.0/shims/netfx/System.Xml.dll"
-r:"/home/ubuntu/Unity/Hub/Editor/2022.3.62f3/Editor/Data/NetStandard/compat/2.1.0/shims/netfx/System.dll"
-r:"/home/ubuntu/Unity/Hub/Editor/2022.3.62f3/Editor/Data/NetStandard/compat/2.1.0/shims/netfx/mscorlib.dll"
-r:"/home/ubuntu/Unity/Hub/Editor/2022.3.62f3/Editor/Data/NetStandard/compat/2.1.0/shims/netstandard/Microsoft.Win32.Primitives.dll"
-r:"/home/ubuntu/Unity/Hub/Editor/2022.3.62f3/Editor/Data/NetStandard/compat/2.1.0/shims/netstandard/System.AppContext.dll"
-r:"/home/ubuntu/Unity/Hub/Editor/2022.3.62f3/Editor/Data/NetStandard/compat/2.1.0/shims/netstandard/System.Buffers.dll"
-r:"/home/ubuntu/Unity/Hub/Editor/2022.3.62f3/Editor/Data/NetStandard/compat/2.1.0/shims/netstandard/System.Collections.Concurrent.dll"
-r:"/home/ubuntu/Unity/Hub/Editor/2022.3.62f3/Editor/Data/NetStandard/compat/2.1.0/shims/netstandard/System.Collections.NonGeneric.dll"
-r:"/home/ubuntu/Unity/Hub/Editor/2022.3.62f3/Editor/Data/NetStandard/compat/2.1.0/shims/netstandard/System.Collections.Specialized.dll"
-r:"/home/ubuntu/Unity/Hub/Editor/2022.3.62f3/Editor/Data/NetStandard/compat/2.1.0/shims/netstandard/System.Collections.dll"
-r:"/home/ubuntu/Unity/Hub/Editor/2022.3.62f3/Editor/Data/NetStandard/compat/2.1.0/shims/netstandard/System.ComponentModel.EventBasedAsync.dll"
-r:"/home/ubuntu/Unity/Hub/Editor/2022.3.62f3/Editor/Data/NetStandard/compat/2.1.0/shims/netstandard/System.ComponentModel.Primitives.dll"
-r:"/home/ubuntu/Unity/Hub/Editor/2022.3.62f3/Editor/Data/NetStandard/compat/2.1.0/shims/netstandard/System.ComponentModel.TypeConverter.dll"
-r:"/home/ubuntu/Unity/Hub/Editor/2022.3.62f3/Editor/Data/NetStandard/compat/2.1.0/shims/netstandard/System.ComponentModel.dll"
-r:"/home/ubuntu/Unity/Hub/Editor/2022.3.62f3/Editor/Data/NetStandard/compat/2.1.0/shims/netstandard/System.Console.dll"
-r:"/home/ubuntu/Unity/Hub/Editor/2022.3.62f3/Editor/Data/NetStandard/compat/2.1.0/shims/netstandard/System.Data.Common.dll"
-r:"/home/ubuntu/Unity/Hub/Editor/2022.3.62f3/Editor/Data/NetStandard/compat/2.1.0/shims/netstandard/System.Diagnostics.Contracts.dll"
-r:"/home/ubuntu/Unity/Hub/Editor/2022.3.62f3/Editor/Data/NetStandard/compat/2.1.0/shims/netstandard/System.Diagnostics.Debug.dll"
-r:"/home/ubuntu/Unity/Hub/Editor/2022.3.62f3/Editor/Data/NetStandard/compat/2.1.0/shims/netstandard/System.Diagnostics.FileVersionInfo.dll"
-r:"/home/ubuntu/Unity/Hub/Editor/2022.3.62f3/Editor/Data/NetStandard/compat/2.1.0/shims/netstandard/System.Diagnostics.Process.dll"
-r:"/home/ubuntu/Unity/Hub/Editor/2022.3.62f3/Editor/Data/NetStandard/compat/2.1.0/shims/netstandard/System.Diagnostics.StackTrace.dll"
-r:"/home/ubuntu/Unity/Hub/Editor/2022.3.62f3/Editor/Data/NetStandard/compat/2.1.0/shims/netstandard/System.Diagnostics.TextWriterTraceListener.dll"
-r:"/home/ubuntu/Unity/Hub/Editor/2022.3.62f3/Editor/Data/NetStandard/compat/2.1.0/shims/netstandard/System.Diagnostics.Tools.dll"
-r:"/home/ubuntu/Unity/Hub/Editor/2022.3.62f3/Editor/Data/NetStandard/compat/2.1.0/shims/netstandard/System.Diagnostics.TraceSource.dll"
-r:"/home/ubuntu/Unity/Hub/Editor/2022.3.62f3/Editor/Data/NetStandard/compat/2.1.0/shims/netstandard/System.Diagnostics.Tracing.dll"
-r:"/home/ubuntu/Unity/Hub/Editor/2022.3.62f3/Editor/Data/NetStandard/compat/2.1.0/shims/netstandard/System.Drawing.Primitives.dll"
-r:"/home/ubuntu/Unity/Hub/Editor/2022.3.62f3/Editor/Data/NetStandard/compat/2.1.0/shims/netstandard/System.Dynamic.Runtime.dll"
-r:"/home/ubuntu/Unity/Hub/Editor/2022.3.62f3/Editor/Data/NetStandard/compat/2.1.0/shims/netstandard/System.Globalization.Calendars.dll"
-r:"/home/ubuntu/Unity/Hub/Editor/2022.3.62f3/Editor/Data/NetStandard/compat/2.1.0/shims/netstandard/System.Globalization.Extensions.dll"
-r:"/home/ubuntu/Unity/Hub/Editor/2022.3.62f3/Editor/Data/NetStandard/compat/2.1.0/shims/netstandard/System.Globalization.dll"
-r:"/home/ubuntu/Unity/Hub/Editor/2022.3.62f3/Editor/Data/NetStandard/compat/2.1.0/shims/netstandard/System.IO.Compression.ZipFile.dll"
-r:"/home/ubuntu/Unity/Hub/Editor/2022.3.62f3/Editor/Data/NetStandard/compat/2.1.0/shims/netstandard/System.IO.Compression.dll"
-r:"/home/ubuntu/Unity/Hub/Editor/2022.3.62f3/Editor/Data/NetStandard/compat/2.1.0/shims/netstandard/System.IO.FileSystem.DriveInfo.dll"
-r:"/home/ubuntu/Unity/Hub/Editor/2022.3.62f3/Editor/Data/NetStandard/compat/2.1.0/shims/netstandard/System.IO.FileSystem.Primitives.dll"
-r:"/home/ubuntu/Unity/Hub/Editor/2022.3.62f3/Editor/Data/NetStandard/compat/2.1.0/shims/netstandard/System.IO.FileSystem.Watcher.dll"
-r:"/home/ubuntu/Unity/Hub/Editor/2022.3.62f3/Editor/Data/NetStandard/compat/2.1.0/shims/netstandard/System.IO.FileSystem.dll"
-r:"/home/ubuntu/Unity/Hub/Editor/2022.3.62f3/Editor/Data/NetStandard/compat/2.1.0/shims/netstandard/System.IO.IsolatedStorage.dll"
-r:"/home/ubuntu/Unity/Hub/Editor/2022.3.62f3/Editor/Data/NetStandard/compat/2.1.0/shims/netstandard/System.IO.MemoryMappedFiles.dll"
-r:"/home/ubuntu/Unity/Hub/Editor/2022.3.62f3/Editor/Data/NetStandard/compat/2.1.0/shims/netstandard/System.IO.Pipes.dll"
-r:"/home/ubuntu/Unity/Hub/Editor/2022.3.62f3/Editor/Data/NetStandard/compat/2.1.0/shims/netstandard/System.IO.UnmanagedMemoryStream.dll"
-r:"/home/ubuntu/Unity/Hub/Editor/2022.3.62f3/Editor/Data/NetStandard/compat/2.1.0/shims/netstandard/System.IO.dll"
-r:"/home/ubuntu/Unity/Hub/Editor/2022.3.62f3/Editor/Data/NetStandard/compat/2.1.0/shims/netstandard/System.Linq.Expressions.dll"
-r:"/home/ubuntu/Unity/Hub/Editor/2022.3.62f3/Editor/Data/NetStandard/compat/2.1.0/shims/netstandard/System.Linq.Parallel.dll"
-r:"/home/ubuntu/Unity/Hub/Editor/2022.3.62f3/Editor/Data/NetStandard/compat/2.1.0/shims/netstandard/System.Linq.Queryable.dll"
-r:"/home/ubuntu/Unity/Hub/Editor/2022.3.62f3/Editor/Data/NetStandard/compat/2.1.0/shims/netstandard/System.Linq.dll"
-r:"/home/ubuntu/Unity/Hub/Editor/2022.3.62f3/Editor/Data/NetStandard/compat/2.1.0/shims/netstandard/System.Memory.dll"
-r:"/home/ubuntu/Unity/Hub/Editor/2022.3.62f3/Editor/Data/NetStandard/compat/2.1.0/shims/netstandard/System.Net.Http.dll"
-r:"/home/ubuntu/Unity/Hub/Editor/2022.3.62f3/Editor/Data/NetStandard/compat/2.1.0/shims/netstandard/System.Net.NameResolution.dll"
-r:"/home/ubuntu/Unity/Hub/Editor/2022.3.62f3/Editor/Data/NetStandard/compat/2.1.0/shims/netstandard/System.Net.NetworkInformation.dll"
-r:"/home/ubuntu/Unity/Hub/Editor/2022.3.62f3/Editor/Data/NetStandard/compat/2.1.0/shims/netstandard/System.Net.Ping.dll"
-r:"/home/ubuntu/Unity/Hub/Editor/2022.3.62f3/Editor/Data/NetStandard/compat/2.1.0/shims/netstandard/System.Net.Primitives.dll"
-r:"/home/ubuntu/Unity/Hub/Editor/2022.3.62f3/Editor/Data/NetStandard/compat/2.1.0/shims/netstandard/System.Net.Requests.dll"
-r:"/home/ubuntu/Unity/Hub/Editor/2022.3.62f3/Editor/Data/NetStandard/compat/2.1.0/shims/netstandard/System.Net.Security.dll"
-r:"/home/ubuntu/Unity/Hub/Editor/2022.3.62f3/Editor/Data/NetStandard/compat/2.1.0/shims/netstandard/System.Net.Sockets.dll"
-r:"/home/ubuntu/Unity/Hub/Editor/2022.3.62f3/Editor/Data/NetStandard/compat/2.1.0/shims/netstandard/System.Net.WebHeaderCollection.dll"
-r:"/home/ubuntu/Unity/Hub/Editor/2022.3.62f3/Editor/Data/NetStandard/compat/2.1.0/shims/netstandard/System.Net.WebSockets.Client.dll"
-r:"/home/ubuntu/Unity/Hub/Editor/2022.3.62f3/Editor/Data/NetStandard/compat/2.1.0/shims/netstandard/System.Net.WebSockets.dll"
-r:"/home/ubuntu/Unity/Hub/Editor/2022.3.62f3/Editor/Data/NetStandard/compat/2.1.0/shims/netstandard/System.Numerics.Vectors.dll"
-r:"/home/ubuntu/Unity/Hub/Editor/2022.3.62f3/Editor/Data/NetStandard/compat/2.1.0/shims/netstandard/System.ObjectModel.dll"
-r:"/home/ubuntu/Unity/Hub/Editor/2022.3.62f3/Editor/Data/NetStandard/compat/2.1.0/shims/netstandard/System.Reflection.DispatchProxy.dll"
-r:"/home/ubuntu/Unity/Hub/Editor/2022.3.62f3/Editor/Data/NetStandard/compat/2.1.0/shims/netstandard/System.Reflection.Emit.ILGeneration.dll"
-r:"/home/ubuntu/Unity/Hub/Editor/2022.3.62f3/Editor/Data/NetStandard/compat/2.1.0/shims/netstandard/System.Reflection.Emit.Lightweight.dll"
-r:"/home/ubuntu/Unity/Hub/Editor/2022.3.62f3/Editor/Data/NetStandard/compat/2.1.0/shims/netstandard/System.Reflection.Emit.dll"
-r:"/home/ubuntu/Unity/Hub/Editor/2022.3.62f3/Editor/Data/NetStandard/compat/2.1.0/shims/netstandard/System.Reflection.Extensions.dll"
-r:"/home/ubuntu/Unity/Hub/Editor/2022.3.62f3/Editor/Data/NetStandard/compat/2.1.0/shims/netstandard/System.Reflection.Primitives.dll"
-r:"/home/ubuntu/Unity/Hub/Editor/2022.3.62f3/Editor/Data/NetStandard/compat/2.1.0/shims/netstandard/System.Reflection.dll"
-r:"/home/ubuntu/Unity/Hub/Editor/2022.3.62f3/Editor/Data/NetStandard/compat/2.1.0/shims/netstandard/System.Resources.Reader.dll"
-r:"/home/ubuntu/Unity/Hub/Editor/2022.3.62f3/Editor/Data/NetStandard/compat/2.1.0/shims/netstandard/System.Resources.ResourceManager.dll"
-r:"/home/ubuntu/Unity/Hub/Editor/2022.3.62f3/Editor/Data/NetStandard/compat/2.1.0/shims/netstandard/System.Resources.Writer.dll"
-r:"/home/ubuntu/Unity/Hub/Editor/2022.3.62f3/Editor/Data/NetStandard/compat/2.1.0/shims/netstandard/System.Runtime.CompilerServices.VisualC.dll"
-r:"/home/ubuntu/Unity/Hub/Editor/2022.3.62f3/Editor/Data/NetStandard/compat/2.1.0/shims/netstandard/System.Runtime.Extensions.dll"
-r:"/home/ubuntu/Unity/Hub/Editor/2022.3.62f3/Editor/Data/NetStandard/compat/2.1.0/shims/netstandard/System.Runtime.Handles.dll"
-r:"/home/ubuntu/Unity/Hub/Editor/2022.3.62f3/Editor/Data/NetStandard/compat/2.1.0/shims/netstandard/System.Runtime.InteropServices.RuntimeInformation.dll"
-r:"/home/ubuntu/Unity/Hub/Editor/2022.3.62f3/Editor/Data/NetStandard/compat/2.1.0/shims/netstandard/System.Runtime.InteropServices.dll"
-r:"/home/ubuntu/Unity/Hub/Editor/2022.3.62f3/Editor/Data/NetStandard/compat/2.1.0/shims/netstandard/System.Runtime.Numerics.dll"
-r:"/home/ubuntu/Unity/Hub/Editor/2022.3.62f3/Editor/Data/NetStandard/compat/2.1.0/shims/netstandard/System.Runtime.Serialization.Formatters.dll"
-r:"/home/ubuntu/Unity/Hub/Editor/2022.3.62f3/Editor/Data/NetStandard/compat/2.1.0/shims/netstandard/System.Runtime.Serialization.Json.dll"
-r:"/home/ubuntu/Unity/Hub/Editor/2022.3.62f3/Editor/Data/NetStandard/compat/2.1.0/shims/netstandard/System.Runtime.Serialization.Primitives.dll"
-r:"/home/ubuntu/Unity/Hub/Editor/2022.3.62f3/Editor/Data/NetStandard/compat/2.1.0/shims/netstandard/System.Runtime.Serialization.Xml.dll"
-r:"/home/ubuntu/Unity/Hub/Editor/2022.3.62f3/Editor/Data/NetStandard/compat/2.1.0/shims/netstandard/System.Runtime.dll"
-r:"/home/ubuntu/Unity/Hub/Editor/2022.3.62f3/Editor/Data/NetStandard/compat/2.1.0/shims/netstandard/System.Security.Claims.dll"
-r:"/home/ubuntu/Unity/Hub/Editor/2022.3.62f3/Editor/Data/NetStandard/compat/2.1.0/shims/netstandard/System.Security.Cryptography.Algorithms.dll"
-r:"/home/ubuntu/Unity/Hub/Editor/2022.3.62f3/Editor/Data/NetStandard/compat/2.1.0/shims/netstandard/System.Security.Cryptography.Csp.dll"
-r:"/home/ubuntu/Unity/Hub/Editor/2022.3.62f3/Editor/Data/NetStandard/compat/2.1.0/shims/netstandard/System.Security.Cryptography.Encoding.dll"
-r:"/home/ubuntu/Unity/Hub/Editor/2022.3.62f3/Editor/Data/NetStandard/compat/2.1.0/shims/netstandard/System.Security.Cryptography.Primitives.dll"
-r:"/home/ubuntu/Unity/Hub/Editor/2022.3.62f3/Editor/Data/NetStandard/compat/2.1.0/shims/netstandard/System.Security.Cryptography.X509Certificates.dll"
-r:"/home/ubuntu/Unity/Hub/Editor/2022.3.62f3/Editor/Data/NetStandard/compat/2.1.0/shims/netstandard/System.Security.Principal.dll"
-r:"/home/ubuntu/Unity/Hub/Editor/2022.3.62f3/Editor/Data/NetStandard/compat/2.1.0/shims/netstandard/System.Security.SecureString.dll"
-r:"/home/ubuntu/Unity/Hub/Editor/2022.3.62f3/Editor/Data/NetStandard/compat/2.1.0/shims/netstandard/System.Text.Encoding.Extensions.dll"
-r:"/home/ubuntu/Unity/Hub/Editor/2022.3.62f3/Editor/Data/NetStandard/compat/2.1.0/shims/netstandard/System.Text.Encoding.dll"
-r:"/home/ubuntu/Unity/Hub/Editor/2022.3.62f3/Editor/Data/NetStandard/compat/2.1.0/shims/netstandard/System.Text.RegularExpressions.dll"
-r:"/home/ubuntu/Unity/Hub/Editor/2022.3.62f3/Editor/Data/NetStandard/compat/2.1.0/shims/netstandard/System.Threading.Overlapped.dll"
-r:"/home/ubuntu/Unity/Hub/Editor/2022.3.62f3/Editor/Data/NetStandard/compat/2.1.0/shims/netstandard/System.Threading.Tasks.Extensions.dll"
-r:"/home/ubuntu/Unity/Hub/Editor/2022.3.62f3/Editor/Data/NetStandard/compat/2.1.0/shims/netstandard/System.Threading.Tasks.Parallel.dll"
-r:"/home/ubuntu/Unity/Hub/Editor/2022.3.62f3/Editor/Data/NetStandard/compat/2.1.0/shims/netstandard/System.Threading.Tasks.dll"
-r:"/home/ubuntu/Unity/Hub/Editor/2022.3.62f3/Editor/Data/NetStandard/compat/2.1.0/shims/netstandard/System.Threading.Thread.dll"
-r:"/home/ubuntu/Unity/Hub/Editor/2022.3.62f3/Editor/Data/NetStandard/compat/2.1.0/shims/netstandard/System.Threading.ThreadPool.dll"
-r:"/home/ubuntu/Unity/Hub/Editor/2022.3.62f3/Editor/Data/NetStandard/compat/2.1.0/shims/netstandard/System.Threading.Timer.dll"
-r:"/home/ubuntu/Unity/Hub/Editor/2022.3.62f3/Editor/Data/NetStandard/compat/2.1.0/shims/netstandard/System.Threading.dll"
-r:"/home/ubuntu/Unity/Hub/Editor/2022.3.62f3/Editor/Data/NetStandard/compat/2.1.0/shims/netstandard/System.ValueTuple.dll"
-r:"/home/ubuntu/Unity/Hub/Editor/2022.3.62f3/Editor/Data/NetStandard/compat/2.1.0/shims/netstandard/System.Xml.ReaderWriter.dll"
-r:"/home/ubuntu/Unity/Hub/Editor/2022.3.62f3/Editor/Data/NetStandard/compat/2.1.0/shims/netstandard/System.Xml.XDocument.dll"
-r:"/home/ubuntu/Unity/Hub/Editor/2022.3.62f3/Editor/Data/NetStandard/compat/2.1.0/shims/netstandard/System.Xml.XPath.XDocument.dll"
-r:"/home/ubuntu/Unity/Hub/Editor/2022.3.62f3/Editor/Data/NetStandard/compat/2.1.0/shims/netstandard/System.Xml.XPath.dll"
-r:"/home/ubuntu/Unity/Hub/Editor/2022.3.62f3/Editor/Data/NetStandard/compat/2.1.0/shims/netstandard/System.Xml.XmlDocument.dll"
-r:"/home/ubuntu/Unity/Hub/Editor/2022.3.62f3/Editor/Data/NetStandard/compat/2.1.0/shims/netstandard/System.Xml.XmlSerializer.dll"
-r:"/home/ubuntu/Unity/Hub/Editor/2022.3.62f3/Editor/Data/NetStandard/ref/2.1.0/netstandard.dll"
-r:"/home/ubuntu/Unity/Hub/Editor/2022.3.62f3/Editor/Data/PlaybackEngines/AndroidPlayer/Variations/il2cpp/Managed/UnityEngine.AIModule.dll"
-r:"/home/ubuntu/Unity/Hub/Editor/2022.3.62f3/Editor/Data/PlaybackEngines/AndroidPlayer/Variations/il2cpp/Managed/UnityEngine.ARModule.dll"
-r:"/home/ubuntu/Unity/Hub/Editor/2022.3.62f3/Editor/Data/PlaybackEngines/AndroidPlayer/Variations/il2cpp/Managed/UnityEngine.AccessibilityModule.dll"
-r:"/home/ubuntu/Unity/Hub/Editor/2022.3.62f3/Editor/Data/PlaybackEngines/AndroidPlayer/Variations/il2cpp/Managed/UnityEngine.AndroidJNIModule.dll"
-r:"/home/ubuntu/Unity/Hub/Editor/2022.3.62f3/Editor/Data/PlaybackEngines/AndroidPlayer/Variations/il2cpp/Managed/UnityEngine.AnimationModule.dll"
-r:"/home/ubuntu/Unity/Hub/Editor/2022.3.62f3/Editor/Data/PlaybackEngines/AndroidPlayer/Variations/il2cpp/Managed/UnityEngine.AssetBundleModule.dll"
-r:"/home/ubuntu/Unity/Hub/Editor/2022.3.62f3/Editor/Data/PlaybackEngines/AndroidPlayer/Variations/il2cpp/Managed/UnityEngine.AudioModule.dll"
-r:"/home/ubuntu/Unity/Hub/Editor/2022.3.62f3/Editor/Data/PlaybackEngines/AndroidPlayer/Variations/il2cpp/Managed/UnityEngine.ClothModule.dll"
-r:"/home/ubuntu/Unity/Hub/Editor/2022.3.62f3/Editor/Data/PlaybackEngines/AndroidPlayer/Variations/il2cpp/Managed/UnityEngine.ContentLoadModule.dll"
-r:"/home/ubuntu/Unity/Hub/Editor/2022.3.62f3/Editor/Data/PlaybackEngines/AndroidPlayer/Variations/il2cpp/Managed/UnityEngine.CoreModule.dll"
-r:"/home/ubuntu/Unity/Hub/Editor/2022.3.62f3/Editor/Data/PlaybackEngines/AndroidPlayer/Variations/il2cpp/Managed/UnityEngine.CrashReportingModule.dll"
-r:"/home/ubuntu/Unity/Hub/Editor/2022.3.62f3/Editor/Data/PlaybackEngines/AndroidPlayer/Variations/il2cpp/Managed/UnityEngine.DSPGraphModule.dll"
-r:"/home/ubuntu/Unity/Hub/Editor/2022.3.62f3/Editor/Data/PlaybackEngines/AndroidPlayer/Variations/il2cpp/Managed/UnityEngine.DirectorModule.dll"
-r:"/home/ubuntu/Unity/Hub/Editor/2022.3.62f3/Editor/Data/PlaybackEngines/AndroidPlayer/Variations/il2cpp/Managed/UnityEngine.GIModule.dll"
-r:"/home/ubuntu/Unity/Hub/Editor/2022.3.62f3/Editor/Data/PlaybackEngines/AndroidPlayer/Variations/il2cpp/Managed/UnityEngine.GameCenterModule.dll"
-r:"/home/ubuntu/Unity/Hub/Editor/2022.3.62f3/Editor/Data/PlaybackEngines/AndroidPlayer/Variations/il2cpp/Managed/UnityEngine.GridModule.dll"
-r:"/home/ubuntu/Unity/Hub/Editor/2022.3.62f3/Editor/Data/PlaybackEngines/AndroidPlayer/Variations/il2cpp/Managed/UnityEngine.HotReloadModule.dll"
-r:"/home/ubuntu/Unity/Hub/Editor/2022.3.62f3/Editor/Data/PlaybackEngines/AndroidPlayer/Variations/il2cpp/Managed/UnityEngine.IMGUIModule.dll"
-r:"/home/ubuntu/Unity/Hub/Editor/2022.3.62f3/Editor/Data/PlaybackEngines/AndroidPlayer/Variations/il2cpp/Managed/UnityEngine.ImageConversionModule.dll"
-r:"/home/ubuntu/Unity/Hub/Editor/2022.3.62f3/Editor/Data/PlaybackEngines/AndroidPlayer/Variations/il2cpp/Managed/UnityEngine.InputLegacyModule.dll"
-r:"/home/ubuntu/Unity/Hub/Editor/2022.3.62f3/Editor/Data/PlaybackEngines/AndroidPlayer/Variations/il2cpp/Managed/UnityEngine.InputModule.dll"
-r:"/home/ubuntu/Unity/Hub/Editor/2022.3.62f3/Editor/Data/PlaybackEngines/AndroidPlayer/Variations/il2cpp/Managed/UnityEngine.JSONSerializeModule.dll"
-r:"/home/ubuntu/Unity/Hub/Editor/2022.3.62f3/Editor/Data/PlaybackEngines/AndroidPlayer/Variations/il2cpp/Managed/UnityEngine.LocalizationModule.dll"
-r:"/home/ubuntu/Unity/Hub/Editor/2022.3.62f3/Editor/Data/PlaybackEngines/AndroidPlayer/Variations/il2cpp/Managed/UnityEngine.ParticleSystemModule.dll"
-r:"/home/ubuntu/Unity/Hub/Editor/2022.3.62f3/Editor/Data/PlaybackEngines/AndroidPlayer/Variations/il2cpp/Managed/UnityEngine.PerformanceReportingModule.dll"
-r:"/home/ubuntu/Unity/Hub/Editor/2022.3.62f3/Editor/Data/PlaybackEngines/AndroidPlayer/Variations/il2cpp/Managed/UnityEngine.Physics2DModule.dll"
-r:"/home/ubuntu/Unity/Hub/Editor/2022.3.62f3/Editor/Data/PlaybackEngines/AndroidPlayer/Variations/il2cpp/Managed/UnityEngine.PhysicsModule.dll"
-r:"/home/ubuntu/Unity/Hub/Editor/2022.3.62f3/Editor/Data/PlaybackEngines/AndroidPlayer/Variations/il2cpp/Managed/UnityEngine.ProfilerModule.dll"
-r:"/home/ubuntu/Unity/Hub/Editor/2022.3.62f3/Editor/Data/PlaybackEngines/AndroidPlayer/Variations/il2cpp/Managed/UnityEngine.PropertiesModule.dll"
-r:"/home/ubuntu/Unity/Hub/Editor/2022.3.62f3/Editor/Data/PlaybackEngines/AndroidPlayer/Variations/il2cpp/Managed/UnityEngine.RuntimeInitializeOnLoadManagerInitializerModule.dll"
-r:"/home/ubuntu/Unity/Hub/Editor/2022.3.62f3/Editor/Data/PlaybackEngines/AndroidPlayer/Variations/il2cpp/Managed/UnityEngine.ScreenCaptureModule.dll"
-r:"/home/ubuntu/Unity/Hub/Editor/2022.3.62f3/Editor/Data/PlaybackEngines/AndroidPlayer/Variations/il2cpp/Managed/UnityEngine.SharedInternalsModule.dll"
-r:"/home/ubuntu/Unity/Hub/Editor/2022.3.62f3/Editor/Data/PlaybackEngines/AndroidPlayer/Variations/il2cpp/Managed/UnityEngine.SpriteMaskModule.dll"
-r:"/home/ubuntu/Unity/Hub/Editor/2022.3.62f3/Editor/Data/PlaybackEngines/AndroidPlayer/Variations/il2cpp/Managed/UnityEngine.SpriteShapeModule.dll"
-r:"/home/ubuntu/Unity/Hub/Editor/2022.3.62f3/Editor/Data/PlaybackEngines/AndroidPlayer/Variations/il2cpp/Managed/UnityEngine.StreamingModule.dll"
-r:"/home/ubuntu/Unity/Hub/Editor/2022.3.62f3/Editor/Data/PlaybackEngines/AndroidPlayer/Variations/il2cpp/Managed/UnityEngine.SubstanceModule.dll"
-r:"/home/ubuntu/Unity/Hub/Editor/2022.3.62f3/Editor/Data/PlaybackEngines/AndroidPlayer/Variations/il2cpp/Managed/UnityEngine.SubsystemsModule.dll"
-r:"/home/ubuntu/Unity/Hub/Editor/2022.3.62f3/Editor/Data/PlaybackEngines/AndroidPlayer/Variations/il2cpp/Managed/UnityEngine.TLSModule.dll"
-r:"/home/ubuntu/Unity/Hub/Editor/2022.3.62f3/Editor/Data/PlaybackEngines/AndroidPlayer/Variations/il2cpp/Managed/UnityEngine.TerrainModule.dll"
-r:"/home/ubuntu/Unity/Hub/Editor/2022.3.62f3/Editor/Data/PlaybackEngines/AndroidPlayer/Variations/il2cpp/Managed/UnityEngine.TerrainPhysicsModule.dll"
-r:"/home/ubuntu/Unity/Hub/Editor/2022.3.62f3/Editor/Data/PlaybackEngines/AndroidPlayer/Variations/il2cpp/Managed/UnityEngine.TextCoreFontEngineModule.dll"
-r:"/home/ubuntu/Unity/Hub/Editor/2022.3.62f3/Editor/Data/PlaybackEngines/AndroidPlayer/Variations/il2cpp/Managed/UnityEngine.TextCoreTextEngineModule.dll"
-r:"/home/ubuntu/Unity/Hub/Editor/2022.3.62f3/Editor/Data/PlaybackEngines/AndroidPlayer/Variations/il2cpp/Managed/UnityEngine.TextRenderingModule.dll"
-r:"/home/ubuntu/Unity/Hub/Editor/2022.3.62f3/Editor/Data/PlaybackEngines/AndroidPlayer/Variations/il2cpp/Managed/UnityEngine.TilemapModule.dll"
-r:"/home/ubuntu/Unity/Hub/Editor/2022.3.62f3/Editor/Data/PlaybackEngines/AndroidPlayer/Variations/il2cpp/Managed/UnityEngine.UIElementsModule.dll"
-r:"/home/ubuntu/Unity/Hub/Editor/2022.3.62f3/Editor/Data/PlaybackEngines/AndroidPlayer/Variations/il2cpp/Managed/UnityEngine.UIModule.dll"
-r:"/home/ubuntu/Unity/Hub/Editor/2022.3.62f3/Editor/Data/PlaybackEngines/AndroidPlayer/Variations/il2cpp/Managed/UnityEngine.UmbraModule.dll"
-r:"/home/ubuntu/Unity/Hub/Editor/2022.3.62f3/Editor/Data/PlaybackEngines/AndroidPlayer/Variations/il2cpp/Managed/UnityEngine.UnityAnalyticsCommonModule.dll"
-r:"/home/ubuntu/Unity/Hub/Editor/2022.3.62f3/Editor/Data/PlaybackEngines/AndroidPlayer/Variations/il2cpp/Managed/UnityEngine.UnityAnalyticsModule.dll"
-r:"/home/ubuntu/Unity/Hub/Editor/2022.3.62f3/Editor/Data/PlaybackEngines/AndroidPlayer/Variations/il2cpp/Managed/UnityEngine.UnityConnectModule.dll"
-r:"/home/ubuntu/Unity/Hub/Editor/2022.3.62f3/Editor/Data/PlaybackEngines/AndroidPlayer/Variations/il2cpp/Managed/UnityEngine.UnityCurlModule.dll"
-r:"/home/ubuntu/Unity/Hub/Editor/2022.3.62f3/Editor/Data/PlaybackEngines/AndroidPlayer/Variations/il2cpp/Managed/UnityEngine.UnityTestProtocolModule.dll"
-r:"/home/ubuntu/Unity/Hub/Editor/2022.3.62f3/Editor/Data/PlaybackEngines/AndroidPlayer/Variations/il2cpp/Managed/UnityEngine.UnityWebRequestAssetBundleModule.dll"
-r:"/home/ubuntu/Unity/Hub/Editor/2022.3.62f3/Editor/Data/PlaybackEngines/AndroidPlayer/Variations/il2cpp/Managed/UnityEngine.UnityWebRequestAudioModule.dll"
-r:"/home/ubuntu/Unity/Hub/Editor/2022.3.62f3/Editor/Data/PlaybackEngines/AndroidPlayer/Variations/il2cpp/Managed/UnityEngine.UnityWebRequestModule.dll"
-r:"/home/ubuntu/Unity/Hub/Editor/2022.3.62f3/Editor/Data/PlaybackEngines/AndroidPlayer/Variations/il2cpp/Managed/UnityEngine.UnityWebRequestTextureModule.dll"
-r:"/home/ubuntu/Unity/Hub/Editor/2022.3.62f3/Editor/Data/PlaybackEngines/AndroidPlayer/Variations/il2cpp/Managed/UnityEngine.UnityWebRequestWWWModule.dll"
-r:"/home/ubuntu/Unity/Hub/Editor/2022.3.62f3/Editor/Data/PlaybackEngines/AndroidPlayer/Variations/il2cpp/Managed/UnityEngine.VFXModule.dll"
-r:"/home/ubuntu/Unity/Hub/Editor/2022.3.62f3/Editor/Data/PlaybackEngines/AndroidPlayer/Variations/il2cpp/Managed/UnityEngine.VRModule.dll"
-r:"/home/ubuntu/Unity/Hub/Editor/2022.3.62f3/Editor/Data/PlaybackEngines/AndroidPlayer/Variations/il2cpp/Managed/UnityEngine.VehiclesModule.dll"
-r:"/home/ubuntu/Unity/Hub/Editor/2022.3.62f3/Editor/Data/PlaybackEngines/AndroidPlayer/Variations/il2cpp/Managed/UnityEngine.VideoModule.dll"
-r:"/home/ubuntu/Unity/Hub/Editor/2022.3.62f3/Editor/Data/PlaybackEngines/AndroidPlayer/Variations/il2cpp/Managed/UnityEngine.WindModule.dll"
-r:"/home/ubuntu/Unity/Hub/Editor/2022.3.62f3/Editor/Data/PlaybackEngines/AndroidPlayer/Variations/il2cpp/Managed/UnityEngine.XRModule.dll"
-r:"/home/ubuntu/Unity/Hub/Editor/2022.3.62f3/Editor/Data/PlaybackEngines/AndroidPlayer/Variations/il2cpp/Managed/UnityEngine.dll"
-analyzer:"/home/ubuntu/Unity/Hub/Editor/2022.3.62f3/Editor/Data/Tools/Unity.SourceGenerators/Unity.Properties.SourceGenerator.dll"
-analyzer:"/home/ubuntu/Unity/Hub/Editor/2022.3.62f3/Editor/Data/Tools/Unity.SourceGenerators/Unity.SourceGenerators.dll"
"Assets/Scripts/Bounce.cs"
"Assets/Scripts/BuildScript.cs"
"Assets/Scripts/LevelGenerator.cs"
"Assets/Scripts/MovingPlatform.cs"
"Assets/Scripts/Obstacle.cs"
"Assets/Scripts/PowerUp.cs"
"Assets/Scripts/SoundManager.cs"
-langversion:9.0
/deterministic
/optimize+
/debug:portable
/nologo
/RuntimeMetadataVersion:v4.0.30319
/nowarn:0169
/nowarn:0649
/nowarn:0282
/nowarn:1701
/nowarn:1702
/utf8output
/preferreduilang:en-US
/additionalfile:"Library/Bee/artifacts/1300b0aP.dag/Assembly-CSharp.UnityAdditionalFile.txt"
##### Custom Environment Variables
DOTNET_MULTILEVEL_LOOKUP=0
##### ExitCode
1
##### Output
Assets/Scripts/BuildScript.cs(11,9): error CS0103: The name 'BuildPipeline' does not exist in the current context
Assets/Scripts/BuildScript.cs(11,54): error CS0103: The name 'BuildTarget' does not exist in the current context
Assets/Scripts/BuildScript.cs(11,75): error CS0103: The name 'BuildOptions' does not exist in the current context
*** Tundra build failed (0.17 seconds), 2 items updated, 75 evaluated
[ScriptCompilation] Requested script compilation because: Recompiling scripts for editor because player build failed.
Error building Player because scripts had compiler errors

(process:105592): Gdk-CRITICAL **: 08:54:23.228: gdk_display_beep: assertion 'GDK_IS_DISPLAY (display)' failed
Unloading 0 Unused Serialized files (Serialized files now loaded: 0)
Unloading 1 unused Assets / (0.9 KB). Loaded Objects now: 535.
Memory consumption went from 67.7 MB to 67.7 MB.
Total: 5.137121 ms (FindLiveObjects: 0.036763 ms CreateObjectMapping: 0.008368 ms MarkObjects: 5.061970 ms  DeleteObjects: 0.028987 ms)

Build Finished, Result: Failure.
##utp:{"type":"PlayerBuildInfo","version":2,"phase":"Immediate","time":1769590463254,"processId":105592,"steps":[{"description":"Preprocess Player","duration":9},{"description":"Prepare For Build","duration":2433},{"description":"ProducePlayerScriptAssemblies","duration":1168}],"duration":3610}
[PhysX] Initialized MultithreadedTaskDispatcher with 2 workers.
Unloading 0 Unused Serialized files (Serialized files now loaded: 0)
Loaded scene 'Temp/__Backupscenes/0.backup'
	Deserialize:            0.445 ms
	Integration:            6.634 ms
	Integration of assets:  0.001 ms
	Thread Wait Time:       0.020 ms
	Total Operation Time:   7.100 ms
Unloading 0 unused Assets / (0 B). Loaded Objects now: 535.
Memory consumption went from 67.8 MB to 67.8 MB.
Total: 4.409956 ms (FindLiveObjects: 0.032105 ms CreateObjectMapping: 0.003139 ms MarkObjects: 4.370240 ms  DeleteObjects: 0.003670 ms)

Batchmode quit successfully invoked - shutting down!
Killing ADB server in 0.017614 seconds.
[PhysX] Initialized MultithreadedTaskDispatcher with 2 workers.
Input System module state changed to: ShutdownInProgress.
Input System polling thread exited.
Input System module state changed to: Shutdown.
[Licensing::IpcConnector] LicenseClient-ubuntu-notifications channel disconnected successfully.
[Licensing::IpcConnector] LicenseClient-ubuntu channel disconnected successfully.
[40m[32minfo[39m[22m[49m: Microsoft.Hosting.Lifetime[0]
      Application is shutting down...
Cleanup mono
debugger-agent: Unable to listen on 40
[Performance] Application.InitializeProject                                                                                  :        1 samples, Peak.  5.77 s (1.0x), Avg.  5.77 s, Total. 5.770 s (26.5%)
[Performance] Application.PackageManager.StartServer                                                                         :        1 samples, Peak.   983 us (1.0x), Avg.   983 us, Total. 983.4 us (0.0%)
[Performance] Application.AcquireProjectLock                                                                                 :        1 samples, Peak.   455 us (1.0x), Avg.   455 us, Total. 454.9 us (0.0%)
[Performance] Application.InitializeEngineNoGraphics                                                                         :        1 samples, Peak.   228 ms (1.0x), Avg.   228 ms, Total. 228.0 ms (1.0%)
[Performance] Application.PackageManager.Initialize                                                                          :        1 samples, Peak.  23.4 ms (1.0x), Avg.  23.4 ms, Total. 23.40 ms (0.1%)
[Performance] Connecting to Package Manager                                                                                  :        3 samples, Peak.   615 us (3.0x), Avg.   205 us, Total. 615.8 us (0.0%)
[Performance] Application.EngineGraphics.Initialize                                                                          :        1 samples, Peak.  20.4 ms (1.0x), Avg.  20.4 ms, Total. 20.44 ms (0.1%)
[Performance] Application.GI.Initialize                                                                                      :        1 samples, Peak.  2.16 ms (1.0x), Avg.  2.16 ms, Total. 2.161 ms (0.0%)
[Performance] Application.LoadAllDefaultResourcesFromEditor                                                                  :        1 samples, Peak.  1.81 ms (1.0x), Avg.  1.81 ms, Total. 1.808 ms (0.0%)
[Performance] Application.LoadMonoAssemblies                                                                                 :        1 samples, Peak.   577 ms (1.0x), Avg.   577 ms, Total. 576.6 ms (2.6%)
[Performance] RestoreManagedReferences                                                                                       :        2 samples, Peak.  59.3 ms (2.0x), Avg.  29.6 ms, Total. 59.29 ms (0.3%)
[Performance] InitializeOnLoad AssetStoreContext                                                                             :        2 samples, Peak.  22.1 ms (1.7x), Avg.  12.7 ms, Total. 25.38 ms (0.1%)
[Performance] InitializeOnLoad DrivenRectTransformUndo                                                                       :        2 samples, Peak.   242 us (1.0x), Avg.   231 us, Total. 462.3 us (0.0%)
[Performance] InitializeOnLoad UISystemProfilerRenderService                                                                 :        2 samples, Peak.  7.99 us (1.1x), Avg.  7.37 us, Total. 14.75 us (0.0%)
[Performance] InitializeOnLoad SceneSearch                                                                                   :        2 samples, Peak.   134 us (1.2x), Avg.   113 us, Total. 226.9 us (0.0%)
[Performance] InitializeOnLoad NativeFormatImporterUtility                                                                   :        2 samples, Peak.  2.35 ms (1.1x), Avg.  2.18 ms, Total. 4.356 ms (0.0%)
[Performance] InitializeOnLoad ManagedDebuggerWindow                                                                         :        2 samples, Peak.   727 us (1.1x), Avg.   683 us, Total. 1.365 ms (0.0%)
[Performance] InitializeOnLoad SearchService                                                                                 :        2 samples, Peak.   106 us (1.0x), Avg.   105 us, Total. 209.4 us (0.0%)
[Performance] InitializeOnLoad WindowLayout                                                                                  :        2 samples, Peak.   229 us (1.0x), Avg.   222 us, Total. 444.2 us (0.0%)
[Performance] InitializeOnLoad PoolManager                                                                                   :        2 samples, Peak.   502 us (1.0x), Avg.   489 us, Total. 978.1 us (0.0%)
[Performance] InitializeOnLoad CloudBuild                                                                                    :        2 samples, Peak.  4.64 us (1.2x), Avg.  3.98 us, Total. 7.961 us (0.0%)
[Performance] InitializeOnLoad MixerEffectDefinitionReloader                                                                 :        2 samples, Peak.  2.50 ms (1.3x), Avg.  1.98 ms, Total. 3.963 ms (0.0%)
[Performance] InitializeOnLoad SettingsService                                                                               :        2 samples, Peak.  12.6 us (1.1x), Avg.  11.0 us, Total. 21.96 us (0.0%)
[Performance] InitializeOnLoad ProjectSearch                                                                                 :        2 samples, Peak.  54.6 us (1.0x), Avg.  52.3 us, Total. 104.7 us (0.0%)
[Performance] InitializeOnLoad CacheServerWindow                                                                             :        2 samples, Peak.  13.3 us (1.2x), Avg.  11.6 us, Total. 23.14 us (0.0%)
[Performance] InitializeOnLoad EditMode                                                                                      :        2 samples, Peak.   437 us (1.2x), Avg.   357 us, Total. 714.0 us (0.0%)
[Performance] InitializeOnLoad UnityConnect                                                                                  :        2 samples, Peak.  43.0 us (1.0x), Avg.  42.3 us, Total. 84.65 us (0.0%)
[Performance] InitializeOnLoad ManagedDebugger                                                                               :        2 samples, Peak.   353 ns (1.1x), Avg.   329 ns, Total. 658.0 ns (0.0%)
[Performance] InitializeOnLoad ShortcutIntegration                                                                           :        2 samples, Peak.  46.2 us (1.0x), Avg.  45.5 us, Total. 90.91 us (0.0%)
[Performance] InitializeOnLoad AddComponentWindow                                                                            :        2 samples, Peak.  91.1 us (1.0x), Avg.  90.8 us, Total. 181.6 us (0.0%)
[Performance] InitializeOnLoad PlayModeDownload                                                                              :        2 samples, Peak.  3.90 ms (1.9x), Avg.  2.00 ms, Total. 3.997 ms (0.0%)
[Performance] InitializeOnLoad MenuItems                                                                                     :        2 samples, Peak.   102 us (1.3x), Avg.  80.4 us, Total. 160.8 us (0.0%)
[Performance] InitializeOnLoad PrefabInstanceChangedListener                                                                 :        2 samples, Peak.   129 us (1.1x), Avg.   118 us, Total. 236.2 us (0.0%)
[Performance] InitializeOnLoad ObjectSelectorSearch                                                                          :        2 samples, Peak.  33.2 us (1.1x), Avg.  30.9 us, Total. 61.84 us (0.0%)
[Performance] InitializeOnLoad EditorMonitor                                                                                 :        2 samples, Peak.   609 us (1.2x), Avg.   512 us, Total. 1.023 ms (0.0%)
[Performance] InitializeOnLoad RetainedMode                                                                                  :        2 samples, Peak.  2.14 ms (1.0x), Avg.  2.07 ms, Total. 4.138 ms (0.0%)
[Performance] InitializeOnLoad EditorShaderLoader                                                                            :        2 samples, Peak.   590 us (1.1x), Avg.   549 us, Total. 1.098 ms (0.0%)
[Performance] InitializeOnLoad EditorDelegateRegistration                                                                    :        2 samples, Peak.   482 us (1.0x), Avg.   466 us, Total. 931.3 us (0.0%)
[Performance] InitializeOnLoad UIDocumentHierarchyWatcher                                                                    :        2 samples, Peak.  63.2 us (1.1x), Avg.  60.0 us, Total. 120.0 us (0.0%)
[Performance] InitializeOnLoad LiveReloadTrackerCreator                                                                      :        2 samples, Peak.   219 us (1.3x), Avg.   170 us, Total. 340.3 us (0.0%)
[Performance] InitializeOnLoad UxmlObjectEditorFactories                                                                     :        2 samples, Peak.   440 us (1.1x), Avg.   403 us, Total. 806.9 us (0.0%)
[Performance] InitializeOnLoad UXMLEditorFactories                                                                           :        2 samples, Peak.  47.0 ms (1.0x), Avg.  46.1 ms, Total. 92.14 ms (0.4%)
[Performance] InitializeOnLoad PurchasingService                                                                             :        2 samples, Peak.  6.07 ms (1.0x), Avg.  5.78 ms, Total. 11.55 ms (0.1%)
[Performance] InitializeOnLoad CloudBuildPoller                                                                              :        2 samples, Peak.   110 us (1.1x), Avg.   101 us, Total. 201.9 us (0.0%)
[Performance] InitializeOnLoad EditorGameServicesAnalytics                                                                   :        2 samples, Peak.  1.38 ms (1.0x), Avg.  1.35 ms, Total. 2.705 ms (0.0%)
[Performance] InitializeOnLoad AnalyticsService                                                                              :        2 samples, Peak.   892 us (1.7x), Avg.   524 us, Total. 1.048 ms (0.0%)
[Performance] InitializeOnLoad BuildService                                                                                  :        2 samples, Peak.   150 us (1.1x), Avg.   135 us, Total. 269.9 us (0.0%)
[Performance] InitializeOnLoad AdsService                                                                                    :        2 samples, Peak.   361 us (1.0x), Avg.   346 us, Total. 691.1 us (0.0%)
[Performance] InitializeOnLoad UDPService                                                                                    :        2 samples, Peak.   135 us (1.0x), Avg.   130 us, Total. 259.6 us (0.0%)
[Performance] InitializeOnLoad CrashService                                                                                  :        2 samples, Peak.   120 us (1.0x), Avg.   117 us, Total. 234.2 us (0.0%)
[Performance] InitializeOnLoad ServicesRepository                                                                            :        2 samples, Peak.  4.84 us (1.9x), Avg.  2.55 us, Total. 5.100 us (0.0%)
[Performance] InitializeOnLoad SearchWindow                                                                                  :        2 samples, Peak.   132 us (1.1x), Avg.   116 us, Total. 232.3 us (0.0%)
[Performance] InitializeOnLoad SearchMonitor                                                                                 :        2 samples, Peak.  2.43 ms (1.1x), Avg.  2.29 ms, Total. 4.579 ms (0.0%)
[Performance] InitializeOnLoad CustomIndexers                                                                                :        2 samples, Peak.  12.0 ms (1.0x), Avg.  11.8 ms, Total. 23.64 ms (0.1%)
[Performance] InitializeOnLoad ParameterControllerEditor                                                                     :        2 samples, Peak.  22.4 us (1.1x), Avg.  20.2 us, Total. 40.31 us (0.0%)
[Performance] InitializeOnLoad LayerSettingsWindow                                                                           :        2 samples, Peak.  25.4 us (1.7x), Avg.  14.7 us, Total. 29.33 us (0.0%)
[Performance] InitializeOnLoad PackageManagerHookGUIDConverter.RegisterPackagesEventHandler                                  :        2 samples, Peak.   673 us (1.6x), Avg.   413 us, Total. 825.0 us (0.0%)
[Performance] InitializeOnLoad EditorDragAndDrop.RegisterEditorClient                                                        :        2 samples, Peak.   189 us (1.1x), Avg.   179 us, Total. 357.9 us (0.0%)
[Performance] InitializeOnLoad EditorEventCallbacks.InitializeFontAssetResourceChangeCallBacks                               :        2 samples, Peak.  1.02 ms (1.0x), Avg.   992 us, Total. 1.983 ms (0.0%)
[Performance] InitializeOnLoad SceneTemplateService.Init                                                                     :        2 samples, Peak.  1.10 ms (1.0x), Avg.  1.06 ms, Total. 2.113 ms (0.0%)
[Performance] InitializeOnLoad DiagnosticSwitchesConsoleMessage.Init                                                         :        2 samples, Peak.  3.38 ms (1.5x), Avg.  2.21 ms, Total. 4.416 ms (0.0%)
[Performance] InitializeOnLoad PackageManagerWindow.EditorInitializedInSafeMode                                              :        2 samples, Peak.  21.9 ms (2.0x), Avg.  11.0 ms, Total. 22.00 ms (0.1%)
[Performance] InitializeOnLoad MemoryProfilerCompilationGuard.InjectCompileGuard                                             :        2 samples, Peak.   140 us (1.1x), Avg.   132 us, Total. 264.9 us (0.0%)
[Performance] InitializeOnLoad AssetPostprocessingInternal.RefreshCustomDependencies                                         :        2 samples, Peak.  2.68 ms (1.5x), Avg.  1.82 ms, Total. 3.641 ms (0.0%)
[Performance] InitializeOnLoad SysrootManager.Initialize                                                                     :        2 samples, Peak.  16.5 us (1.3x), Avg.  13.1 us, Total. 26.12 us (0.0%)
[Performance] InitializeOnLoad ScopedRegistryAddedPopup.SubscribeToRegistriesAdded                                           :        2 samples, Peak.  6.56 ms (2.0x), Avg.  3.32 ms, Total. 6.648 ms (0.0%)
[Performance] InitializeOnLoad EditorWindow.Initialize                                                                       :        2 samples, Peak.   201 us (1.0x), Avg.   200 us, Total. 400.9 us (0.0%)
[Performance] InitializeOnLoad ToolShortcutContext.Init                                                                      :        2 samples, Peak.  93.1 us (1.0x), Avg.  90.5 us, Total. 181.0 us (0.0%)
[Performance] InitializeOnLoad SceneVisibilityManager.Initialize                                                             :        2 samples, Peak.  3.55 ms (1.6x), Avg.  2.17 ms, Total. 4.334 ms (0.0%)
[Performance] AssemblyReloadEvents.afterAssemblyReload: UnityEditor.SceneTemplate.SceneTemplateService.AfterAssemblyReload   :        2 samples, Peak.  2.80 ms (1.8x), Avg.  1.53 ms, Total. 3.068 ms (0.0%)
[Performance] ProcessService.EditorAfterLoadAllAssemblies                                                                    :        2 samples, Peak.   347 us (1.1x), Avg.   317 us, Total. 634.3 us (0.0%)
[Performance] Application.ReadLicenseInfo                                                                                    :        1 samples, Peak.  24.4 ms (1.0x), Avg.  24.4 ms, Total. 24.40 ms (0.1%)
[Performance] Application.InitialRefresh                                                                                     :        1 samples, Peak.  4.64 s (1.0x), Avg.  4.64 s, Total. 4.642 s (21.3%)
[Performance] ShaderImporter.SourceAssetModified                                                                             :        2 samples, Peak.   867 ns (1.3x), Avg.   673 ns, Total. 1.346 us (0.0%)
[Performance] ShaderIncludeImporter.SourceAssetModified                                                                      :        2 samples, Peak.  1.03 us (1.2x), Avg.   886 ns, Total. 1.772 us (0.0%)
[Performance] Compiling Scripts                                                                                              :        1 samples, Peak.  4.06 s (1.0x), Avg.  4.06 s, Total. 4.061 s (18.7%)
[Performance] AssemblyReloadEvents.beforeAssemblyReload: UnityEditor.SceneTemplate.SceneTemplateService.BeforeAssemblyReload :        1 samples, Peak.   596 us (1.0x), Avg.   596 us, Total. 596.5 us (0.0%)
[Performance] PresetManagerPostProcessor.OnPreprocessAsset                                                                   :        8 samples, Peak.  1.19 ms (6.7x), Avg.   177 us, Total. 1.414 ms (0.0%)
[Performance] CancelSplashScreenOnAssetChange.OnPreprocessAsset                                                              :        8 samples, Peak.   121 us (7.2x), Avg.  16.9 us, Total. 134.9 us (0.0%)
[Performance] DidReloadScriptsAdvancedDropdownWindow.OnScriptReload                                                          :        1 samples, Peak.   174 us (1.0x), Avg.   174 us, Total. 174.3 us (0.0%)
[Performance] AssetDatabase.ImportAssets                                                                                     :        5 samples, Peak.  1.02 us (2.3x), Avg.   439 ns, Total. 2.196 us (0.0%)
[Performance] VersionControl.Task.Wait                                                                                       :        1 samples, Peak.  6.14 us (1.0x), Avg.  6.14 us, Total. 6.135 us (0.0%)
[Performance] BuilderAssetPostprocessor.OnPostprocessAllAssets                                                               :        2 samples, Peak.  2.79 ms (1.0x), Avg.  2.74 ms, Total. 5.470 ms (0.0%)
[Performance] ArtifactBrowserPostProcessor.OnPostprocessAllAssets                                                            :        2 samples, Peak.   454 us (1.0x), Avg.   452 us, Total. 904.7 us (0.0%)
[Performance] AssetEvents.OnPostprocessAllAssets                                                                             :        4 samples, Peak.   170 us (1.6x), Avg.   106 us, Total. 424.2 us (0.0%)
[Performance] AudioMixerPostprocessor.OnPostprocessAllAssets                                                                 :        2 samples, Peak.   221 us (1.0x), Avg.   221 us, Total. 441.1 us (0.0%)
[Performance] StyleCatalogPostProcessor.OnPostprocessAllAssets                                                               :        2 samples, Peak.  16.8 ms (1.0x), Avg.  16.8 ms, Total. 33.69 ms (0.2%)
[Performance] BuildCatalog                                                                                                   :        1 samples, Peak.  15.9 ms (1.0x), Avg.  15.9 ms, Total. 15.89 ms (0.1%)
[Performance] ModelImporterPostProcessor.OnPostprocessAllAssets                                                              :        2 samples, Peak.   885 us (1.0x), Avg.   884 us, Total. 1.767 ms (0.0%)
[Performance] RetainedModeAssetPostprocessor.OnPostprocessAllAssets                                                          :        2 samples, Peak.  1.73 ms (1.0x), Avg.  1.73 ms, Total. 3.450 ms (0.0%)
[Performance] AssetChangedListener.OnPostprocessAllAssets                                                                    :        2 samples, Peak.  1.78 ms (1.0x), Avg.  1.77 ms, Total. 3.550 ms (0.0%)
[Performance] SpeedTreePostProcessor.OnPostprocessAllAssets                                                                  :        2 samples, Peak.   191 us (1.0x), Avg.   189 us, Total. 378.8 us (0.0%)
[Performance] TextAssetPostProcessor.OnPostprocessAllAssets                                                                  :        2 samples, Peak.   416 us (1.0x), Avg.   414 us, Total. 828.9 us (0.0%)
[Performance] SyncVS.PostprocessSyncProject                                                                                  :        1 samples, Peak.  1.29 ms (1.0x), Avg.  1.29 ms, Total. 1.287 ms (0.0%)
[Performance] EditorApplication.projectChanged: UnityEditor.Audio.MixerEffectDefinitionReloader.OnProjectChanged             :        1 samples, Peak.   354 us (1.0x), Avg.   354 us, Total. 354.5 us (0.0%)
[Performance] Application.ImportPackagesAndSetTemplateWhenCreatingProject                                                    :        1 samples, Peak.  18.6 ms (1.0x), Avg.  18.6 ms, Total. 18.56 ms (0.1%)
[Performance] Application.SyncCurrentColorSpace                                                                              :        1 samples, Peak.  4.37 ms (1.0x), Avg.  4.37 ms, Total. 4.368 ms (0.0%)
[Performance] Application.OnUsbDevicesChanged                                                                                :        1 samples, Peak.   116 us (1.0x), Avg.   116 us, Total. 115.9 us (0.0%)
[Performance] Application.AssetInstanceCacheUpdate                                                                           :        1 samples, Peak.   298 ns (1.0x), Avg.   298 ns, Total. 298.0 ns (0.0%)
[Performance] Application.UnityExtensions.Initialize                                                                         :        1 samples, Peak.   271 us (1.0x), Avg.   271 us, Total. 271.1 us (0.0%)
[Performance] CodeEditorProjectSync.SyncEditorProject                                                                        :        1 samples, Peak.  73.5 us (1.0x), Avg.  73.5 us, Total. 73.52 us (0.0%)
[Performance] Application.ExecuteStartups                                                                                    :        1 samples, Peak.   111 ms (1.0x), Avg.   111 ms, Total. 111.0 ms (0.5%)
[Performance] Menu.RegisterMenuInterface                                                                                     :       26 samples, Peak.   794 ns (5.3x), Avg.   150 ns, Total. 3.897 us (0.0%)
[Performance] Gizmo.RebuildRenderers                                                                                         :        2 samples, Peak.   111 ms (1.8x), Avg.  61.1 ms, Total. 122.2 ms (0.6%)
[Performance] Gizmo.AddGizmoRenderers                                                                                        :       48 samples, Peak.  1.66 ms (30.9x), Avg.  53.7 us, Total. 2.579 ms (0.0%)
[Performance] Application.editorInitializingProject                                                                          :        1 samples, Peak.  13.8 ms (1.0x), Avg.  13.8 ms, Total. 13.84 ms (0.1%)
[Performance] Application.InitializeMenu                                                                                     :        1 samples, Peak.  6.26 s (1.0x), Avg.  6.26 s, Total. 6.261 s (28.8%)
[Performance] Menu.RebuildAll                                                                                                :        1 samples, Peak.  6.26 s (1.0x), Avg.  6.26 s, Total. 6.261 s (28.8%)
[Performance] Menu.BuildRegisteredMenuInterfaces                                                                             :        1 samples, Peak.  6.26 s (1.0x), Avg.  6.26 s, Total. 6.261 s (28.8%)
[Performance] Menu.FilterMenuItem                                                                                            :      453 samples, Peak.  12.8 ms (446.8x), Avg.  28.6 us, Total. 12.94 ms (0.1%)
[Performance] UpdateAllMenus                                                                                                 :        1 samples, Peak.   458 us (1.0x), Avg.   458 us, Total. 457.9 us (0.0%)
[Performance] EditorSceneManager.sceneClosing: UnityEditor.SceneVisibilityManager.EditorSceneManagerOnSceneClosing           :        2 samples, Peak.   239 us (1.9x), Avg.   123 us, Total. 246.7 us (0.0%)
[Performance] GUIView.RepaintAll.PlayerLoopController                                                                        :        2 samples, Peak.  1.89 us (1.6x), Avg.  1.21 us, Total. 2.429 us (0.0%)
[Performance] EditorSceneManager.newSceneCreated: UnityEditor.SceneTemplate.SceneTemplateService.OnNewSceneCreated           :        1 samples, Peak.   455 us (1.0x), Avg.   455 us, Total. 454.5 us (0.0%)
[Performance] EditorSceneManager.newSceneCreated: UnityEditor.SceneVisibilityManager.EditorSceneManagerOnNewSceneCreated     :        1 samples, Peak.   158 us (1.0x), Avg.   158 us, Total. 158.3 us (0.0%)
[Performance] EditorSceneManager.newSceneCreated: UnityEditor.SceneManagement.StageNavigationManager.OnNewSceneCreated       :        1 samples, Peak.  51.6 us (1.0x), Avg.  51.6 us, Total. 51.56 us (0.0%)
[Performance] Application.InvokeFinishedLoadingProject                                                                       :        1 samples, Peak.   659 us (1.0x), Avg.   659 us, Total. 658.9 us (0.0%)
[Performance] ProcessService.OnProjectLoaded                                                                                 :        1 samples, Peak.  44.4 us (1.0x), Avg.  44.4 us, Total. 44.44 us (0.0%)
[Performance] Inspector.InitOrRebuild                                                                                        :        2 samples, Peak.   234 us (1.1x), Avg.   210 us, Total. 420.4 us (0.0%)
[Performance] BuilderAssetModificationProcessor.OnWillSaveAssets                                                             :        2 samples, Peak.   289 us (1.9x), Avg.   150 us, Total. 300.9 us (0.0%)
[Performance] TerrainModificationProcessor.OnWillSaveAssets                                                                  :        2 samples, Peak.   539 us (2.0x), Avg.   271 us, Total. 542.7 us (0.0%)
[Performance] GenerateAssemblyTypeInfos                                                                                      :        1 samples, Peak.  2.33 ms (1.0x), Avg.  2.33 ms, Total. 2.327 ms (0.0%)
[Performance] AssetDatabase.Refresh                                                                                          :        1 samples, Peak.  3.92 ms (1.0x), Avg.  3.92 ms, Total. 3.916 ms (0.0%)
[Performance] EditorApplication.quitting: callback in UnityEditor.TextCore.Text.EditorEventCallbacks                         :        1 samples, Peak.  2.97 ms (1.0x), Avg.  2.97 ms, Total. 2.968 ms (0.0%)
[Performance] Killing ADB server                                                                                             :        1 samples, Peak.  17.9 ms (1.0x), Avg.  17.9 ms, Total. 17.85 ms (0.1%)
[Performance] Application.Shutdown.PauseProfilerSession                                                                      :        1 samples, Peak.  52.7 us (1.0x), Avg.  52.7 us, Total. 52.71 us (0.0%)
[Performance] Application.Shutdown.PauseAssetImportWorkers                                                                   :        1 samples, Peak.  68.4 us (1.0x), Avg.  68.4 us, Total. 68.39 us (0.0%)
[Performance] Application.Shutdown.SaveAssets                                                                                :        1 samples, Peak.  1.54 ms (1.0x), Avg.  1.54 ms, Total. 1.539 ms (0.0%)
[Performance] Application.Shutdown.CleanupRenderPipeline                                                                     :        1 samples, Peak.  6.17 us (1.0x), Avg.  6.17 us, Total. 6.173 us (0.0%)
[Performance] Application.Shutdown.StopPreloadManager                                                                        :        1 samples, Peak.  10.1 ms (1.0x), Avg.  10.1 ms, Total. 10.10 ms (0.0%)
[Performance] Application.Shutdown.DestroyWorld                                                                              :        1 samples, Peak.   554 us (1.0x), Avg.   554 us, Total. 553.6 us (0.0%)
[Performance] Application.Shutdown.CleanupAfterLoad                                                                          :        1 samples, Peak.  4.63 ms (1.0x), Avg.  4.63 ms, Total. 4.631 ms (0.0%)
[Performance] Application.Shutdown.Progress                                                                                  :        1 samples, Peak.  17.2 us (1.0x), Avg.  17.2 us, Total. 17.16 us (0.0%)
[Performance] Application.Shutdown.GICleanupManagers                                                                         :        1 samples, Peak.  2.05 ms (1.0x), Avg.  2.05 ms, Total. 2.052 ms (0.0%)
[Performance] Application.Shutdown.MenuCleanupClass                                                                          :        1 samples, Peak.   210 us (1.0x), Avg.   210 us, Total. 209.5 us (0.0%)
[Performance] Application.Shutdown.ADBSaveStateBeforeShutdown                                                                :        1 samples, Peak.  10.4 us (1.0x), Avg.  10.4 us, Total. 10.36 us (0.0%)
[Performance] Application.Shutdown.RemoteShutdown                                                                            :        1 samples, Peak.  2.77 us (1.0x), Avg.  2.77 us, Total. 2.775 us (0.0%)
[Performance] Application.Shutdown.CleanupVCProvider                                                                         :        1 samples, Peak.  16.9 us (1.0x), Avg.  16.9 us, Total. 16.88 us (0.0%)
[Performance] Application.Shutdown.InputShutdown                                                                             :        1 samples, Peak.  2.94 us (1.0x), Avg.  2.94 us, Total. 2.940 us (0.0%)
[Performance] Application.Shutdown.GizmoManagerDestroy                                                                       :        1 samples, Peak.   553 us (1.0x), Avg.   553 us, Total. 552.8 us (0.0%)
[Performance] Application.Shutdown.ProfilerSession                                                                           :        1 samples, Peak.   273 us (1.0x), Avg.   273 us, Total. 273.1 us (0.0%)
[Performance] Application.Shutdown.ReleaseGfxWindowOnAllGUIViews                                                             :        1 samples, Peak.  2.01 us (1.0x), Avg.  2.01 us, Total. 2.006 us (0.0%)
[Performance] Application.Shutdown.CleanupEngine                                                                             :        1 samples, Peak.  36.8 ms (1.0x), Avg.  36.8 ms, Total. 36.85 ms (0.2%)
[Performance] Application.Shutdown.CleanupAssetDatabase                                                                      :        1 samples, Peak.  1.76 ms (1.0x), Avg.  1.76 ms, Total. 1.762 ms (0.0%)
[Performance] Application.Shutdown.ScriptCompilationCleanUp                                                                  :        1 samples, Peak.  4.92 s (1.0x), Avg.  4.92 s, Total. 4.923 s (22.6%)
[Performance] Application.Shutdown.DestroyJobSystem                                                                          :        1 samples, Peak.   259 us (1.0x), Avg.   259 us, Total. 259.0 us (0.0%)
[Performance] Application.Shutdown.CleanupPersistentManager                                                                  :        1 samples, Peak.   844 us (1.0x), Avg.   844 us, Total. 843.7 us (0.0%)
[Performance] Application.Shutdown.CleanupAsyncReadManager                                                                   :        1 samples, Peak.   158 us (1.0x), Avg.   158 us, Total. 158.3 us (0.0%)
[Performance] Application.Shutdown.CleanupMono                                                                               :        1 samples, Peak.  44.2 ms (1.0x), Avg.  44.2 ms, Total. 44.16 ms (0.2%)
[Performance] Application.Shutdown.CleanupStdConverters                                                                      :        1 samples, Peak.  12.5 us (1.0x), Avg.  12.5 us, Total. 12.54 us (0.0%)
[Performance] Application.Shutdown.UnloadAllPlatformSupportModuleNativeDlls                                                  :        1 samples, Peak.  1.10 us (1.0x), Avg.  1.10 us, Total. 1.103 us (0.0%)
[Performance] Application.Shutdown.UnloadAllPlatformSupportNativeLibraries                                                   :        1 samples, Peak.   341 ns (1.0x), Avg.   341 ns, Total. 341.0 ns (0.0%)
[Performance] Application.Shutdown.CleanupAutoDocumentation                                                                  :        1 samples, Peak.   223 us (1.0x), Avg.   223 us, Total. 222.9 us (0.0%)
[Performance] Application.Shutdown.ShaderNameManagerDestroy                                                                  :        1 samples, Peak.  39.6 us (1.0x), Avg.  39.6 us, Total. 39.60 us (0.0%)
[Performance] Application.Shutdown.CleanupCacheServer                                                                        :        1 samples, Peak.   335 ns (1.0x), Avg.   335 ns, Total. 335.0 ns (0.0%)
[Performance] Application.Shutdown.Virtualization_Shutdown                                                                   :        1 samples, Peak.   402 ns (1.0x), Avg.   402 ns, Total. 402.0 ns (0.0%)
[Performance] Application.Shutdown.DevConnections                                                                            :        1 samples, Peak.  45.0 us (1.0x), Avg.  45.0 us, Total. 45.05 us (0.0%)
Exiting batchmode successfully now!
