Unity Editor version:    2022.3.62f3 (96770f904ca7)
Branch:                  2022.3/respin/2022.3.62f2-4af31df585-v2
Build type:              Release
Batch mode:              YES
System name:             Linux
Distro version:          #18~24.04.1-Ubuntu SMP Mon Nov 24 19:46:27 UTC 2025
Kernel version:          6.14.0-1018-aws
Architecture:            x86_64
Available memory:        3816 MB
[Licensing::Module] Trying to connect to existing licensing client channel...
[Licensing::IpcConnector] Channel LicenseClient-ubuntu doesn't exist
[Licensing::Module] Successfully launched the LicensingClient (PId: 84892)
[Licensing::IpcConnector] Successfully connected to: "LicenseClient-ubuntu" at "2026-01-28T04:30:25.945772Z"
[SignatureVerifier] Application signature verification not supported on this platform.
[Licensing::Client] Handshaking with LicensingClient:
  Version:                 1.16.2+bdef8f5
  Session Id:              a3044ab4a73f4f6b94be5bc8b7e0a48d
  Correlation Id:          cce4b32d1596c51692d389d804588a39
  External correlation Id: 6074540498312546442
  Machine Id:              3aNmOTX8FMiek9FRz+cJ5E9RyY4=
[Licensing::Module] Successfully connected to LicensingClient on channel: "LicenseClient-ubuntu" (connect: 0.86s, validation: 0.04s, handshake: 0.00s)
[Licensing::IpcConnector] Successfully connected to: "LicenseClient-ubuntu-notifications" at "2026-01-28T04:30:25.988483Z"
[Licensing::Module] Connected to LicensingClient (PId: 84892, launch time: 0.00, total connection time: 0.90s)
[Licensing::Module] Error: Access token is unavailable; failed to update
[Licensing::Client] Error: Code 500 while processing request (status: Unable to update licenses. Errors: No ULF license found.,Token not found in cache)
[Licensing::Client] Error: Code 500 while updating license in client (status: Unable to update licenses. Errors: No ULF license found.,Token not found in cache)
[Licensing::Module] Generating manual activation license file: /home/ubuntu/clawd/Unity_v2022.3.62f3.alf
[Licensing::Client] Successfully processed ALF generation request: /home/ubuntu/clawd/Unity_v2022.3.62f3.alf
[Licensing::Module] Manual activation license file successfully saved.
