Unity Editor version:    2022.3.62f3 (96770f904ca7)
Branch:                  2022.3/respin/2022.3.62f2-4af31df585-v2
Build type:              Release
Batch mode:              YES
System name:             Linux
Distro version:          #18~24.04.1-Ubuntu SMP Mon Nov 24 19:46:27 UTC 2025
Kernel version:          6.14.0-1018-aws
Architecture:            x86_64
Available memory:        3816 MB
[Licensing::Module] Trying to connect to existing licensing client channel...
[Licensing::IpcConnector] Channel LicenseClient-ubuntu doesn't exist
[Licensing::Module] Successfully launched the LicensingClient (PId: 105356)
[Licensing::IpcConnector] Successfully connected to: "LicenseClient-ubuntu" at "2026-01-28T08:51:08.589763Z"
[SignatureVerifier] Application signature verification not supported on this platform.
[Licensing::Client] Handshaking with LicensingClient:
  Version:                 1.16.2+bdef8f5
  Session Id:              87764afca0334a7e9c231e7ff49c5718
  Correlation Id:          62353145429fd5b66ff667626e724b0d
  External correlation Id: 6030670808676790958
  Machine Id:              3aNmOTX8FMiek9FRz+cJ5E9RyY4=
[Licensing::Module] Successfully connected to LicensingClient on channel: "LicenseClient-ubuntu" (connect: 0.57s, validation: 0.04s, handshake: 0.00s)
[Licensing::IpcConnector] Successfully connected to: "LicenseClient-ubuntu-notifications" at "2026-01-28T08:51:08.630927Z"
[Licensing::Module] Connected to LicensingClient (PId: 105356, launch time: 0.00, total connection time: 0.61s)
[Licensing::Module] Error: Access token is unavailable; failed to update
[Licensing::Client] Error: Code 500 while processing request (status: Unable to update licenses. Errors: No ULF license found.,Token not found in cache)
[Licensing::Client] Error: Code 500 while updating license in client (status: Unable to update licenses. Errors: No ULF license found.,Token not found in cache)
[Licensing::Client] Successfully resolved entitlement details
[Licensing::Module] Serial number assigned to: "13469877301393-UnityPersXXXX"
Pro License: NO
Initialize udev device monitor.
[Licensing::Client] Successfully resolved entitlement details

COMMAND LINE ARGUMENTS:
/home/ubuntu/Unity/Hub/Editor/2022.3.62f3/Editor/Unity
-batchmode
-nographics
-projectPath
/home/ubuntu/clawd/TapToBounce
-executeMethod
BuildScript.BuildAndroid
-quit
-logFile
/home/ubuntu/clawd/unity_build_mega.log
Successfully changed project path to: /home/ubuntu/clawd/TapToBounce
/home/ubuntu/clawd/TapToBounce
[UnityMemory] Configuration Parameters - Can be set up in boot.config
    "memorysetup-bucket-allocator-granularity=16"
    "memorysetup-bucket-allocator-bucket-count=8"
    "memorysetup-bucket-allocator-block-size=33554432"
    "memorysetup-bucket-allocator-block-count=8"
    "memorysetup-main-allocator-block-size=16777216"
    "memorysetup-thread-allocator-block-size=16777216"
    "memorysetup-gfx-main-allocator-block-size=16777216"
    "memorysetup-gfx-thread-allocator-block-size=16777216"
    "memorysetup-cache-allocator-block-size=4194304"
    "memorysetup-typetree-allocator-block-size=2097152"
    "memorysetup-profiler-bucket-allocator-granularity=16"
    "memorysetup-profiler-bucket-allocator-bucket-count=8"
    "memorysetup-profiler-bucket-allocator-block-size=33554432"
    "memorysetup-profiler-bucket-allocator-block-count=8"
    "memorysetup-profiler-allocator-block-size=16777216"
    "memorysetup-profiler-editor-allocator-block-size=1048576"
    "memorysetup-temp-allocator-size-main=16777216"
    "memorysetup-job-temp-allocator-block-size=2097152"
    "memorysetup-job-temp-allocator-block-size-background=1048576"
    "memorysetup-job-temp-allocator-reduction-small-platforms=262144"
    "memorysetup-allocator-temp-initial-block-size-main=262144"
    "memorysetup-allocator-temp-initial-block-size-worker=262144"
    "memorysetup-temp-allocator-size-background-worker=32768"
    "memorysetup-temp-allocator-size-job-worker=262144"
    "memorysetup-temp-allocator-size-preload-manager=33554432"
    "memorysetup-temp-allocator-size-nav-mesh-worker=65536"
    "memorysetup-temp-allocator-size-audio-worker=65536"
    "memorysetup-temp-allocator-size-cloud-worker=32768"
    "memorysetup-temp-allocator-size-gi-baking-worker=262144"
    "memorysetup-temp-allocator-size-gfx=262144"
Player connection [124863672378368]  Target information:

Player connection [124863672378368]  * "[IP] 172.31.22.172 [Port] 55504 [Flags] 2 [Guid] 805175663 [EditorId] 805175663 [Version] 1048832 [Id] LinuxEditor(16,172.31.22.172) [Debug] 1 [PackageName] LinuxEditor [ProjectName] Editor" 

Player connection [124863672378368] Host joined multi-casting on [225.0.0.222:54997]...
Player connection [124863672378368] Host joined alternative multi-casting on [225.0.0.222:34997]...
Input System module state changed to: Initialized.
[PhysX] Initialized MultithreadedTaskDispatcher with 2 workers.
Error opening a HTTP REST server port between 38000 and 38100
[Package Manager] UpmClient::Connect -- Connected to IPC stream "Upm-105352" after 0.1 seconds.
[Package Manager] Restoring resolved packages state from cache
[Licensing::Client] Successfully resolved entitlement details
[Package Manager] Registered 32 packages:
  Built-in packages:
    com.unity.modules.ai@1.0.0 (location: /home/ubuntu/clawd/TapToBounce/Library/PackageCache/com.unity.modules.ai@1.0.0)
    com.unity.modules.androidjni@1.0.0 (location: /home/ubuntu/clawd/TapToBounce/Library/PackageCache/com.unity.modules.androidjni@1.0.0)
    com.unity.modules.animation@1.0.0 (location: /home/ubuntu/clawd/TapToBounce/Library/PackageCache/com.unity.modules.animation@1.0.0)
    com.unity.modules.assetbundle@1.0.0 (location: /home/ubuntu/clawd/TapToBounce/Library/PackageCache/com.unity.modules.assetbundle@1.0.0)
    com.unity.modules.audio@1.0.0 (location: /home/ubuntu/clawd/TapToBounce/Library/PackageCache/com.unity.modules.audio@1.0.0)
    com.unity.modules.cloth@1.0.0 (location: /home/ubuntu/clawd/TapToBounce/Library/PackageCache/com.unity.modules.cloth@1.0.0)
    com.unity.modules.director@1.0.0 (location: /home/ubuntu/clawd/TapToBounce/Library/PackageCache/com.unity.modules.director@1.0.0)
    com.unity.modules.imageconversion@1.0.0 (location: /home/ubuntu/clawd/TapToBounce/Library/PackageCache/com.unity.modules.imageconversion@1.0.0)
    com.unity.modules.imgui@1.0.0 (location: /home/ubuntu/clawd/TapToBounce/Library/PackageCache/com.unity.modules.imgui@1.0.0)
    com.unity.modules.jsonserialize@1.0.0 (location: /home/ubuntu/clawd/TapToBounce/Library/PackageCache/com.unity.modules.jsonserialize@1.0.0)
    com.unity.modules.particlesystem@1.0.0 (location: /home/ubuntu/clawd/TapToBounce/Library/PackageCache/com.unity.modules.particlesystem@1.0.0)
    com.unity.modules.physics@1.0.0 (location: /home/ubuntu/clawd/TapToBounce/Library/PackageCache/com.unity.modules.physics@1.0.0)
    com.unity.modules.physics2d@1.0.0 (location: /home/ubuntu/clawd/TapToBounce/Library/PackageCache/com.unity.modules.physics2d@1.0.0)
    com.unity.modules.screencapture@1.0.0 (location: /home/ubuntu/clawd/TapToBounce/Library/PackageCache/com.unity.modules.screencapture@1.0.0)
    com.unity.modules.terrain@1.0.0 (location: /home/ubuntu/clawd/TapToBounce/Library/PackageCache/com.unity.modules.terrain@1.0.0)
    com.unity.modules.terrainphysics@1.0.0 (location: /home/ubuntu/clawd/TapToBounce/Library/PackageCache/com.unity.modules.terrainphysics@1.0.0)
    com.unity.modules.tilemap@1.0.0 (location: /home/ubuntu/clawd/TapToBounce/Library/PackageCache/com.unity.modules.tilemap@1.0.0)
    com.unity.modules.ui@1.0.0 (location: /home/ubuntu/clawd/TapToBounce/Library/PackageCache/com.unity.modules.ui@1.0.0)
    com.unity.modules.uielements@1.0.0 (location: /home/ubuntu/clawd/TapToBounce/Library/PackageCache/com.unity.modules.uielements@1.0.0)
    com.unity.modules.umbra@1.0.0 (location: /home/ubuntu/clawd/TapToBounce/Library/PackageCache/com.unity.modules.umbra@1.0.0)
    com.unity.modules.unityanalytics@1.0.0 (location: /home/ubuntu/clawd/TapToBounce/Library/PackageCache/com.unity.modules.unityanalytics@1.0.0)
    com.unity.modules.unitywebrequest@1.0.0 (location: /home/ubuntu/clawd/TapToBounce/Library/PackageCache/com.unity.modules.unitywebrequest@1.0.0)
    com.unity.modules.unitywebrequestassetbundle@1.0.0 (location: /home/ubuntu/clawd/TapToBounce/Library/PackageCache/com.unity.modules.unitywebrequestassetbundle@1.0.0)
    com.unity.modules.unitywebrequestaudio@1.0.0 (location: /home/ubuntu/clawd/TapToBounce/Library/PackageCache/com.unity.modules.unitywebrequestaudio@1.0.0)
    com.unity.modules.unitywebrequesttexture@1.0.0 (location: /home/ubuntu/clawd/TapToBounce/Library/PackageCache/com.unity.modules.unitywebrequesttexture@1.0.0)
    com.unity.modules.unitywebrequestwww@1.0.0 (location: /home/ubuntu/clawd/TapToBounce/Library/PackageCache/com.unity.modules.unitywebrequestwww@1.0.0)
    com.unity.modules.vehicles@1.0.0 (location: /home/ubuntu/clawd/TapToBounce/Library/PackageCache/com.unity.modules.vehicles@1.0.0)
    com.unity.modules.video@1.0.0 (location: /home/ubuntu/clawd/TapToBounce/Library/PackageCache/com.unity.modules.video@1.0.0)
    com.unity.modules.vr@1.0.0 (location: /home/ubuntu/clawd/TapToBounce/Library/PackageCache/com.unity.modules.vr@1.0.0)
    com.unity.modules.wind@1.0.0 (location: /home/ubuntu/clawd/TapToBounce/Library/PackageCache/com.unity.modules.wind@1.0.0)
    com.unity.modules.xr@1.0.0 (location: /home/ubuntu/clawd/TapToBounce/Library/PackageCache/com.unity.modules.xr@1.0.0)
    com.unity.modules.subsystems@1.0.0 (location: /home/ubuntu/clawd/TapToBounce/Library/PackageCache/com.unity.modules.subsystems@1.0.0)
ALSA lib confmisc.c:855:(parse_card) cannot find card '0'
ALSA lib conf.c:5204:(_snd_config_evaluate) function snd_func_card_inum returned error: No such file or directory
ALSA lib confmisc.c:422:(snd_func_concat) error evaluating strings
ALSA lib conf.c:5204:(_snd_config_evaluate) function snd_func_concat returned error: No such file or directory
ALSA lib confmisc.c:1342:(snd_func_refer) error evaluating name
ALSA lib conf.c:5204:(_snd_config_evaluate) function snd_func_refer returned error: No such file or directory
ALSA lib conf.c:5727:(snd_config_expand) Evaluate error: No such file or directory
ALSA lib pcm.c:2721:(snd_pcm_open_noupdate) Unknown PCM default
FMOD failed to initialize the output device.: "Error initializing output device. " (60)
Forced to initialize FMOD to to the device driver's system output rate 48000, this may impact performance and/or give inconsistent experiences compared to selected sample rate 48000
ALSA lib confmisc.c:855:(parse_card) cannot find card '0'
ALSA lib conf.c:5204:(_snd_config_evaluate) function snd_func_card_inum returned error: No such file or directory
ALSA lib confmisc.c:422:(snd_func_concat) error evaluating strings
ALSA lib conf.c:5204:(_snd_config_evaluate) function snd_func_concat returned error: No such file or directory
ALSA lib confmisc.c:1342:(snd_func_refer) error evaluating name
ALSA lib conf.c:5204:(_snd_config_evaluate) function snd_func_refer returned error: No such file or directory
ALSA lib conf.c:5727:(snd_config_expand) Evaluate error: No such file or directory
ALSA lib pcm.c:2721:(snd_pcm_open_noupdate) Unknown PCM default
FMOD failed to initialize the output device.: "Error initializing output device. " (60)
FMOD initialized on nosound output
[Subsystems] No new subsystems found in resolved package list.
Package Manager log level set to [2]
[Package Manager] Done registering packages in 0.06 seconds
[Licensing::Client] Successfully resolved entitlement details
Refreshing native plugins compatible for Editor in 0.00 ms, found 0 plugins.
Preloading 0 native plugins for Editor in 0.00 ms.
Initialize engine version: 2022.3.62f3 (96770f904ca7)
[Subsystems] Discovering subsystems at path /home/ubuntu/Unity/Hub/Editor/2022.3.62f3/Editor/Data/Resources/UnitySubsystems
[Subsystems] Discovering subsystems at path /home/ubuntu/clawd/TapToBounce/Assets
Forcing GfxDevice: Null
GfxDevice: creating device client; threaded=0; jobified=0
NullGfxDevice:
    Version:  NULL 1.0 [1.0]
    Renderer: Null Device
    Vendor:   Unity Technologies
[Licensing::Client] Successfully resolved entitlement details
Initialize mono
Mono path[0] = '/home/ubuntu/Unity/Hub/Editor/2022.3.62f3/Editor/Data/Managed'
Mono path[1] = '/home/ubuntu/Unity/Hub/Editor/2022.3.62f3/Editor/Data/MonoBleedingEdge/lib/mono/unityjit-linux'
Mono config path = '/home/ubuntu/Unity/Hub/Editor/2022.3.62f3/Editor/Data/MonoBleedingEdge/etc'
Using monoOptions --debugger-agent=transport=dt_socket,embedding=1,server=y,suspend=n,address=127.0.0.1:56352
Using cacheserver namespaces - metadata:defaultmetadata, artifacts:defaultartifacts
Using cacheserver namespaces - metadata:defaultmetadata, artifacts:defaultartifacts
ImportWorker Server TCP listen port: 0
Begin MonoManager ReloadAssembly
Registering precompiled unity dll's ...
Register platform support module: /home/ubuntu/Unity/Hub/Editor/2022.3.62f3/Editor/Data/PlaybackEngines/AndroidPlayer/UnityEditor.Android.Extensions.dll
Register platform support module: /home/ubuntu/Unity/Hub/Editor/2022.3.62f3/Editor/Data/PlaybackEngines/LinuxStandaloneSupport/UnityEditor.LinuxStandalone.Extensions.dll
Registered in 0.004286 seconds.
- Loaded All Assemblies, in  0.450 seconds
Native extension for LinuxStandalone target not found
Native extension for Android target not found
Android Extension - Scanning For ADB Devices 59 ms
Mono: successfully reloaded assembly
- Finished resetting the current domain, in  0.306 seconds
Domain Reload Profiling: 757ms
	BeginReloadAssembly (237ms)
		ExecutionOrderSort (0ms)
		DisableScriptedObjects (0ms)
		BackupInstance (0ms)
		ReleaseScriptingObjects (0ms)
		CreateAndSetChildDomain (1ms)
	RebuildCommonClasses (28ms)
	RebuildNativeTypeToScriptingClass (5ms)
	initialDomainReloadingComplete (50ms)
	LoadAllAssembliesAndSetupDomain (129ms)
		LoadAssemblies (243ms)
		RebuildTransferFunctionScriptingTraits (0ms)
		AnalyzeDomain (121ms)
			TypeCache.Refresh (120ms)
				TypeCache.ScanAssembly (106ms)
			ScanForSourceGeneratedMonoScriptInfo (0ms)
			ResolveRequiredComponents (0ms)
	FinalizeReload (307ms)
		ReleaseScriptCaches (0ms)
		RebuildScriptCaches (0ms)
		SetupLoadedEditorAssemblies (264ms)
			LogAssemblyErrors (0ms)
			InitializePlatformSupportModulesInManaged (123ms)
			SetLoadedEditorAssemblies (4ms)
			RefreshPlugins (0ms)
			BeforeProcessingInitializeOnLoad (2ms)
			ProcessInitializeOnLoadAttributes (96ms)
			ProcessInitializeOnLoadMethodAttributes (38ms)
			AfterProcessingInitializeOnLoad (0ms)
			EditorAssembliesLoaded (0ms)
		ExecutionOrderSort2 (0ms)
		AwakeInstancesAfterBackupRestoration (0ms)
[Licensing::Client] Successfully resolved entitlement details
[Licensing::Client] Successfully resolved entitlement details
Application.AssetDatabase Initial Refresh Start
Warning: Disk space low. The project is on a drive with diskspace below 1.00 GB. Please free up some space for Unity to work correctly.
[ScriptCompilation] Requested script compilation because: Assetdatabase observed changes in script compilation related files
[40m[32minfo[39m[22m[49m: Microsoft.Hosting.Lifetime[14]
      Now listening on: http://unix:/tmp/ilpp.sock-7e3f61818f1a0fd1fd3d3bf49d89c741
[40m[32minfo[39m[22m[49m: Microsoft.Hosting.Lifetime[0]
      Application started. Press Ctrl+C to shut down.
[40m[32minfo[39m[22m[49m: Microsoft.Hosting.Lifetime[0]
      Hosting environment: Production
[40m[32minfo[39m[22m[49m: Microsoft.Hosting.Lifetime[0]
      Content root path: /home/ubuntu/clawd/TapToBounce/
[40m[32minfo[39m[22m[49m: Microsoft.AspNetCore.Hosting.Diagnostics[1]
      Request starting HTTP/2 POST http://ilpp/UnityILPP.PostProcessing/Ping application/grpc -
[40m[32minfo[39m[22m[49m: Microsoft.AspNetCore.Routing.EndpointMiddleware[0]
      Executing endpoint 'gRPC - /UnityILPP.PostProcessing/Ping'
[40m[32minfo[39m[22m[49m: Microsoft.AspNetCore.Routing.EndpointMiddleware[1]
      Executed endpoint 'gRPC - /UnityILPP.PostProcessing/Ping'
[40m[32minfo[39m[22m[49m: Microsoft.AspNetCore.Hosting.Diagnostics[2]
      Request finished HTTP/2 POST http://ilpp/UnityILPP.PostProcessing/Ping application/grpc - - 200 - application/grpc 39.1702ms
Starting: /home/ubuntu/Unity/Hub/Editor/2022.3.62f3/Editor/Data/bee_backend --ipc --defer-dag-verification --dagfile="Library/Bee/1300b0aE.dag" --continue-on-failure --profile="Library/Bee/backend1.traceevents" ScriptAssemblies
WorkingDir: /home/ubuntu/clawd/TapToBounce
DisplayProgressbar: Compiling Scripts
Starting: /home/ubuntu/Unity/Hub/Editor/2022.3.62f3/Editor/Data/Tools/netcorerun/netcorerun "/home/ubuntu/Unity/Hub/Editor/2022.3.62f3/Editor/Data/Tools/BuildPipeline/ScriptCompilationBuildProgram.exe" "Library/Bee/1300b0aE.dag.json" "Library/Bee/1300b0aE-inputdata.json" "Library/Bee/buildprogram0.traceevents"
WorkingDir: /home/ubuntu/clawd/TapToBounce
ExitCode: 4 Duration: 1s568ms
Rebuilding DAG because FileSignature timestamp changed: Library/Bee/1300b0aE-inputdata.json
*** Tundra requires additional run (1.46 seconds), 0 items updated, 3 evaluated
ExitCode: 0 Duration: 0s309ms
Starting: /home/ubuntu/Unity/Hub/Editor/2022.3.62f3/Editor/Data/bee_backend --ipc --defer-dag-verification --dagfile="Library/Bee/1300b0aE.dag" --continue-on-failure --dagfilejson="Library/Bee/1300b0aE.dag.json" --profile="Library/Bee/backend2.traceevents" ScriptAssemblies
WorkingDir: /home/ubuntu/clawd/TapToBounce
ExitCode: 3 Duration: 2s99ms
Finished compiling graph: 110 nodes, 404 flattened edges (394 ToBuild, 4 ToUse), maximum node priority 18
[100/107    0s] WriteText Library/Bee/artifacts/1300b0aE.dag/Assembly-CSharp.rsp
[101/107    2s] Csc Library/Bee/artifacts/1300b0aE.dag/Assembly-CSharp.dll (+2 others)
##### CommandLine
"/home/ubuntu/Unity/Hub/Editor/2022.3.62f3/Editor/Data/NetCoreRuntime/dotnet" exec "/home/ubuntu/Unity/Hub/Editor/2022.3.62f3/Editor/Data/DotNetSdkRoslyn/csc.dll" /nostdlib /noconfig /shared "@Library/Bee/artifacts/1300b0aE.dag/Assembly-CSharp.rsp" "@Library/Bee/artifacts/1300b0aE.dag/Assembly-CSharp.rsp2"
##### Contents of Library/Bee/artifacts/1300b0aE.dag/Assembly-CSharp.rsp
-target:library
-out:"Library/Bee/artifacts/1300b0aE.dag/Assembly-CSharp.dll"
-refout:"Library/Bee/artifacts/1300b0aE.dag/Assembly-CSharp.ref.dll"
-define:UNITY_2022_3_62
-define:UNITY_2022_3
-define:UNITY_2022
-define:UNITY_5_3_OR_NEWER
-define:UNITY_5_4_OR_NEWER
-define:UNITY_5_5_OR_NEWER
-define:UNITY_5_6_OR_NEWER
-define:UNITY_2017_1_OR_NEWER
-define:UNITY_2017_2_OR_NEWER
-define:UNITY_2017_3_OR_NEWER
-define:UNITY_2017_4_OR_NEWER
-define:UNITY_2018_1_OR_NEWER
-define:UNITY_2018_2_OR_NEWER
-define:UNITY_2018_3_OR_NEWER
-define:UNITY_2018_4_OR_NEWER
-define:UNITY_2019_1_OR_NEWER
-define:UNITY_2019_2_OR_NEWER
-define:UNITY_2019_3_OR_NEWER
-define:UNITY_2019_4_OR_NEWER
-define:UNITY_2020_1_OR_NEWER
-define:UNITY_2020_2_OR_NEWER
-define:UNITY_2020_3_OR_NEWER
-define:UNITY_2021_1_OR_NEWER
-define:UNITY_2021_2_OR_NEWER
-define:UNITY_2021_3_OR_NEWER
-define:UNITY_2022_1_OR_NEWER
-define:UNITY_2022_2_OR_NEWER
-define:UNITY_2022_3_OR_NEWER
-define:UNITY_INCLUDE_TESTS
-define:ENABLE_AR
-define:ENABLE_AUDIO
-define:ENABLE_CACHING
-define:ENABLE_CLOTH
-define:ENABLE_EVENT_QUEUE
-define:ENABLE_MICROPHONE
-define:ENABLE_MULTIPLE_DISPLAYS
-define:ENABLE_PHYSICS
-define:ENABLE_TEXTURE_STREAMING
-define:ENABLE_LZMA
-define:ENABLE_UNITYEVENTS
-define:ENABLE_VR
-define:ENABLE_WEBCAM
-define:ENABLE_UNITYWEBREQUEST
-define:ENABLE_WWW
-define:ENABLE_CLOUD_SERVICES
-define:ENABLE_CLOUD_SERVICES_ADS
-define:ENABLE_CLOUD_SERVICES_USE_WEBREQUEST
-define:ENABLE_CLOUD_SERVICES_CRASH_REPORTING
-define:ENABLE_CLOUD_SERVICES_NATIVE_CRASH_REPORTING
-define:ENABLE_CLOUD_SERVICES_PURCHASING
-define:ENABLE_CLOUD_SERVICES_ANALYTICS
-define:ENABLE_CLOUD_SERVICES_BUILD
-define:ENABLE_EDITOR_GAME_SERVICES
-define:ENABLE_UNITY_GAME_SERVICES_ANALYTICS_SUPPORT
-define:ENABLE_CLOUD_LICENSE
-define:ENABLE_EDITOR_HUB_LICENSE
-define:ENABLE_WEBSOCKET_CLIENT
-define:ENABLE_GENERATE_NATIVE_PLUGINS_FOR_ASSEMBLIES_API
-define:ENABLE_DIRECTOR_AUDIO
-define:ENABLE_DIRECTOR_TEXTURE
-define:ENABLE_MANAGED_JOBS
-define:ENABLE_MANAGED_TRANSFORM_JOBS
-define:ENABLE_MANAGED_ANIMATION_JOBS
-define:ENABLE_MANAGED_AUDIO_JOBS
-define:ENABLE_RUNTIME_PERMISSIONS
-define:ENABLE_ENGINE_CODE_STRIPPING
-define:ENABLE_ONSCREEN_KEYBOARD
-define:ENABLE_MANAGED_UNITYTLS
-define:INCLUDE_DYNAMIC_GI
-define:ENABLE_SCRIPTING_GC_WBARRIERS
-define:PLATFORM_SUPPORTS_MONO
-define:ENABLE_VIDEO
-define:ENABLE_ACCELERATOR_CLIENT_DEBUGGING
-define:ENABLE_NAVIGATION_PACKAGE_DEBUG_VISUALIZATION
-define:ENABLE_NAVIGATION_HEIGHTMESH_RUNTIME_SUPPORT
-define:ENABLE_NAVIGATION_UI_REQUIRES_PACKAGE
-define:PLATFORM_ANDROID
-define:TEXTCORE_1_0_OR_NEWER
-define:UNITY_ANDROID
-define:UNITY_ANDROID_API
-define:ENABLE_EGL
-define:ENABLE_NETWORK
-define:ENABLE_RUNTIME_GI
-define:ENABLE_CRUNCH_TEXTURE_COMPRESSION
-define:UNITY_CAN_SHOW_SPLASH_SCREEN
-define:UNITY_HAS_GOOGLEVR
-define:UNITY_HAS_TANGO
-define:ENABLE_SPATIALTRACKING
-define:ENABLE_ETC_COMPRESSION
-define:PLATFORM_EXTENDS_VULKAN_DEVICE
-define:PLATFORM_HAS_MULTIPLE_SWAPCHAINS
-define:UNITY_ANDROID_SUPPORTS_SHADOWFILES
-define:PLATFORM_UPDATES_TIME_OUTSIDE_OF_PLAYER_LOOP
-define:ENABLE_UNITYADS_RUNTIME
-define:UNITY_UNITYADS_API
-define:ENABLE_MONO
-define:NET_STANDARD_2_0
-define:NET_STANDARD
-define:NET_STANDARD_2_1
-define:NETSTANDARD
-define:NETSTANDARD2_1
-define:ENABLE_PROFILER
-define:DEBUG
-define:TRACE
-define:UNITY_ASSERTIONS
-define:UNITY_EDITOR
-define:UNITY_EDITOR_64
-define:UNITY_EDITOR_LINUX
-define:ENABLE_UNITY_COLLECTIONS_CHECKS
-define:ENABLE_BURST_AOT
-define:UNITY_TEAM_LICENSE
-define:ENABLE_CUSTOM_RENDER_TEXTURE
-define:ENABLE_DIRECTOR
-define:ENABLE_LOCALIZATION
-define:ENABLE_SPRITES
-define:ENABLE_TERRAIN
-define:ENABLE_TILEMAP
-define:ENABLE_TIMELINE
-define:ENABLE_LEGACY_INPUT_MANAGER
-define:TEXTCORE_FONT_ENGINE_1_5_OR_NEWER
-define:CSHARP_7_OR_LATER
-define:CSHARP_7_3_OR_NEWER
-r:"/home/ubuntu/Unity/Hub/Editor/2022.3.62f3/Editor/Data/Managed/UnityEngine/UnityEditor.CoreModule.dll"
-r:"/home/ubuntu/Unity/Hub/Editor/2022.3.62f3/Editor/Data/Managed/UnityEngine/UnityEditor.DeviceSimulatorModule.dll"
-r:"/home/ubuntu/Unity/Hub/Editor/2022.3.62f3/Editor/Data/Managed/UnityEngine/UnityEditor.DiagnosticsModule.dll"
-r:"/home/ubuntu/Unity/Hub/Editor/2022.3.62f3/Editor/Data/Managed/UnityEngine/UnityEditor.EditorToolbarModule.dll"
-r:"/home/ubuntu/Unity/Hub/Editor/2022.3.62f3/Editor/Data/Managed/UnityEngine/UnityEditor.GraphViewModule.dll"
-r:"/home/ubuntu/Unity/Hub/Editor/2022.3.62f3/Editor/Data/Managed/UnityEngine/UnityEditor.PresetsUIModule.dll"
-r:"/home/ubuntu/Unity/Hub/Editor/2022.3.62f3/Editor/Data/Managed/UnityEngine/UnityEditor.QuickSearchModule.dll"
-r:"/home/ubuntu/Unity/Hub/Editor/2022.3.62f3/Editor/Data/Managed/UnityEngine/UnityEditor.SceneTemplateModule.dll"
-r:"/home/ubuntu/Unity/Hub/Editor/2022.3.62f3/Editor/Data/Managed/UnityEngine/UnityEditor.SceneViewModule.dll"
-r:"/home/ubuntu/Unity/Hub/Editor/2022.3.62f3/Editor/Data/Managed/UnityEngine/UnityEditor.TextCoreFontEngineModule.dll"
-r:"/home/ubuntu/Unity/Hub/Editor/2022.3.62f3/Editor/Data/Managed/UnityEngine/UnityEditor.TextCoreTextEngineModule.dll"
-r:"/home/ubuntu/Unity/Hub/Editor/2022.3.62f3/Editor/Data/Managed/UnityEngine/UnityEditor.UIBuilderModule.dll"
-r:"/home/ubuntu/Unity/Hub/Editor/2022.3.62f3/Editor/Data/Managed/UnityEngine/UnityEditor.UIElementsModule.dll"
-r:"/home/ubuntu/Unity/Hub/Editor/2022.3.62f3/Editor/Data/Managed/UnityEngine/UnityEditor.UIElementsSamplesModule.dll"
-r:"/home/ubuntu/Unity/Hub/Editor/2022.3.62f3/Editor/Data/Managed/UnityEngine/UnityEditor.UnityConnectModule.dll"
-r:"/home/ubuntu/Unity/Hub/Editor/2022.3.62f3/Editor/Data/Managed/UnityEngine/UnityEditor.dll"
-r:"/home/ubuntu/Unity/Hub/Editor/2022.3.62f3/Editor/Data/Managed/UnityEngine/UnityEngine.AIModule.dll"
-r:"/home/ubuntu/Unity/Hub/Editor/2022.3.62f3/Editor/Data/Managed/UnityEngine/UnityEngine.ARModule.dll"
-r:"/home/ubuntu/Unity/Hub/Editor/2022.3.62f3/Editor/Data/Managed/UnityEngine/UnityEngine.AccessibilityModule.dll"
-r:"/home/ubuntu/Unity/Hub/Editor/2022.3.62f3/Editor/Data/Managed/UnityEngine/UnityEngine.AndroidJNIModule.dll"
-r:"/home/ubuntu/Unity/Hub/Editor/2022.3.62f3/Editor/Data/Managed/UnityEngine/UnityEngine.AnimationModule.dll"
-r:"/home/ubuntu/Unity/Hub/Editor/2022.3.62f3/Editor/Data/Managed/UnityEngine/UnityEngine.AssetBundleModule.dll"
-r:"/home/ubuntu/Unity/Hub/Editor/2022.3.62f3/Editor/Data/Managed/UnityEngine/UnityEngine.AudioModule.dll"
-r:"/home/ubuntu/Unity/Hub/Editor/2022.3.62f3/Editor/Data/Managed/UnityEngine/UnityEngine.ClothModule.dll"
-r:"/home/ubuntu/Unity/Hub/Editor/2022.3.62f3/Editor/Data/Managed/UnityEngine/UnityEngine.ContentLoadModule.dll"
-r:"/home/ubuntu/Unity/Hub/Editor/2022.3.62f3/Editor/Data/Managed/UnityEngine/UnityEngine.CoreModule.dll"
-r:"/home/ubuntu/Unity/Hub/Editor/2022.3.62f3/Editor/Data/Managed/UnityEngine/UnityEngine.CrashReportingModule.dll"
-r:"/home/ubuntu/Unity/Hub/Editor/2022.3.62f3/Editor/Data/Managed/UnityEngine/UnityEngine.DSPGraphModule.dll"
-r:"/home/ubuntu/Unity/Hub/Editor/2022.3.62f3/Editor/Data/Managed/UnityEngine/UnityEngine.DirectorModule.dll"
-r:"/home/ubuntu/Unity/Hub/Editor/2022.3.62f3/Editor/Data/Managed/UnityEngine/UnityEngine.GIModule.dll"
-r:"/home/ubuntu/Unity/Hub/Editor/2022.3.62f3/Editor/Data/Managed/UnityEngine/UnityEngine.GameCenterModule.dll"
-r:"/home/ubuntu/Unity/Hub/Editor/2022.3.62f3/Editor/Data/Managed/UnityEngine/UnityEngine.GridModule.dll"
-r:"/home/ubuntu/Unity/Hub/Editor/2022.3.62f3/Editor/Data/Managed/UnityEngine/UnityEngine.HotReloadModule.dll"
-r:"/home/ubuntu/Unity/Hub/Editor/2022.3.62f3/Editor/Data/Managed/UnityEngine/UnityEngine.IMGUIModule.dll"
-r:"/home/ubuntu/Unity/Hub/Editor/2022.3.62f3/Editor/Data/Managed/UnityEngine/UnityEngine.ImageConversionModule.dll"
-r:"/home/ubuntu/Unity/Hub/Editor/2022.3.62f3/Editor/Data/Managed/UnityEngine/UnityEngine.InputLegacyModule.dll"
-r:"/home/ubuntu/Unity/Hub/Editor/2022.3.62f3/Editor/Data/Managed/UnityEngine/UnityEngine.InputModule.dll"
-r:"/home/ubuntu/Unity/Hub/Editor/2022.3.62f3/Editor/Data/Managed/UnityEngine/UnityEngine.JSONSerializeModule.dll"
-r:"/home/ubuntu/Unity/Hub/Editor/2022.3.62f3/Editor/Data/Managed/UnityEngine/UnityEngine.LocalizationModule.dll"
-r:"/home/ubuntu/Unity/Hub/Editor/2022.3.62f3/Editor/Data/Managed/UnityEngine/UnityEngine.ParticleSystemModule.dll"
-r:"/home/ubuntu/Unity/Hub/Editor/2022.3.62f3/Editor/Data/Managed/UnityEngine/UnityEngine.PerformanceReportingModule.dll"
-r:"/home/ubuntu/Unity/Hub/Editor/2022.3.62f3/Editor/Data/Managed/UnityEngine/UnityEngine.Physics2DModule.dll"
-r:"/home/ubuntu/Unity/Hub/Editor/2022.3.62f3/Editor/Data/Managed/UnityEngine/UnityEngine.PhysicsModule.dll"
-r:"/home/ubuntu/Unity/Hub/Editor/2022.3.62f3/Editor/Data/Managed/UnityEngine/UnityEngine.ProfilerModule.dll"
-r:"/home/ubuntu/Unity/Hub/Editor/2022.3.62f3/Editor/Data/Managed/UnityEngine/UnityEngine.PropertiesModule.dll"
-r:"/home/ubuntu/Unity/Hub/Editor/2022.3.62f3/Editor/Data/Managed/UnityEngine/UnityEngine.RuntimeInitializeOnLoadManagerInitializerModule.dll"
-r:"/home/ubuntu/Unity/Hub/Editor/2022.3.62f3/Editor/Data/Managed/UnityEngine/UnityEngine.ScreenCaptureModule.dll"
-r:"/home/ubuntu/Unity/Hub/Editor/2022.3.62f3/Editor/Data/Managed/UnityEngine/UnityEngine.SharedInternalsModule.dll"
-r:"/home/ubuntu/Unity/Hub/Editor/2022.3.62f3/Editor/Data/Managed/UnityEngine/UnityEngine.SpriteMaskModule.dll"
-r:"/home/ubuntu/Unity/Hub/Editor/2022.3.62f3/Editor/Data/Managed/UnityEngine/UnityEngine.SpriteShapeModule.dll"
-r:"/home/ubuntu/Unity/Hub/Editor/2022.3.62f3/Editor/Data/Managed/UnityEngine/UnityEngine.StreamingModule.dll"
-r:"/home/ubuntu/Unity/Hub/Editor/2022.3.62f3/Editor/Data/Managed/UnityEngine/UnityEngine.SubstanceModule.dll"
-r:"/home/ubuntu/Unity/Hub/Editor/2022.3.62f3/Editor/Data/Managed/UnityEngine/UnityEngine.SubsystemsModule.dll"
-r:"/home/ubuntu/Unity/Hub/Editor/2022.3.62f3/Editor/Data/Managed/UnityEngine/UnityEngine.TLSModule.dll"
-r:"/home/ubuntu/Unity/Hub/Editor/2022.3.62f3/Editor/Data/Managed/UnityEngine/UnityEngine.TerrainModule.dll"
-r:"/home/ubuntu/Unity/Hub/Editor/2022.3.62f3/Editor/Data/Managed/UnityEngine/UnityEngine.TerrainPhysicsModule.dll"
-r:"/home/ubuntu/Unity/Hub/Editor/2022.3.62f3/Editor/Data/Managed/UnityEngine/UnityEngine.TextCoreFontEngineModule.dll"
-r:"/home/ubuntu/Unity/Hub/Editor/2022.3.62f3/Editor/Data/Managed/UnityEngine/UnityEngine.TextCoreTextEngineModule.dll"
-r:"/home/ubuntu/Unity/Hub/Editor/2022.3.62f3/Editor/Data/Managed/UnityEngine/UnityEngine.TextRenderingModule.dll"
-r:"/home/ubuntu/Unity/Hub/Editor/2022.3.62f3/Editor/Data/Managed/UnityEngine/UnityEngine.TilemapModule.dll"
-r:"/home/ubuntu/Unity/Hub/Editor/2022.3.62f3/Editor/Data/Managed/UnityEngine/UnityEngine.UIElementsModule.dll"
-r:"/home/ubuntu/Unity/Hub/Editor/2022.3.62f3/Editor/Data/Managed/UnityEngine/UnityEngine.UIModule.dll"
-r:"/home/ubuntu/Unity/Hub/Editor/2022.3.62f3/Editor/Data/Managed/UnityEngine/UnityEngine.UmbraModule.dll"
-r:"/home/ubuntu/Unity/Hub/Editor/2022.3.62f3/Editor/Data/Managed/UnityEngine/UnityEngine.UnityAnalyticsCommonModule.dll"
-r:"/home/ubuntu/Unity/Hub/Editor/2022.3.62f3/Editor/Data/Managed/UnityEngine/UnityEngine.UnityAnalyticsModule.dll"
-r:"/home/ubuntu/Unity/Hub/Editor/2022.3.62f3/Editor/Data/Managed/UnityEngine/UnityEngine.UnityConnectModule.dll"
-r:"/home/ubuntu/Unity/Hub/Editor/2022.3.62f3/Editor/Data/Managed/UnityEngine/UnityEngine.UnityCurlModule.dll"
-r:"/home/ubuntu/Unity/Hub/Editor/2022.3.62f3/Editor/Data/Managed/UnityEngine/UnityEngine.UnityTestProtocolModule.dll"
-r:"/home/ubuntu/Unity/Hub/Editor/2022.3.62f3/Editor/Data/Managed/UnityEngine/UnityEngine.UnityWebRequestAssetBundleModule.dll"
-r:"/home/ubuntu/Unity/Hub/Editor/2022.3.62f3/Editor/Data/Managed/UnityEngine/UnityEngine.UnityWebRequestAudioModule.dll"
-r:"/home/ubuntu/Unity/Hub/Editor/2022.3.62f3/Editor/Data/Managed/UnityEngine/UnityEngine.UnityWebRequestModule.dll"
-r:"/home/ubuntu/Unity/Hub/Editor/2022.3.62f3/Editor/Data/Managed/UnityEngine/UnityEngine.UnityWebRequestTextureModule.dll"
-r:"/home/ubuntu/Unity/Hub/Editor/2022.3.62f3/Editor/Data/Managed/UnityEngine/UnityEngine.UnityWebRequestWWWModule.dll"
-r:"/home/ubuntu/Unity/Hub/Editor/2022.3.62f3/Editor/Data/Managed/UnityEngine/UnityEngine.VFXModule.dll"
-r:"/home/ubuntu/Unity/Hub/Editor/2022.3.62f3/Editor/Data/Managed/UnityEngine/UnityEngine.VRModule.dll"
-r:"/home/ubuntu/Unity/Hub/Editor/2022.3.62f3/Editor/Data/Managed/UnityEngine/UnityEngine.VehiclesModule.dll"
-r:"/home/ubuntu/Unity/Hub/Editor/2022.3.62f3/Editor/Data/Managed/UnityEngine/UnityEngine.VideoModule.dll"
-r:"/home/ubuntu/Unity/Hub/Editor/2022.3.62f3/Editor/Data/Managed/UnityEngine/UnityEngine.WindModule.dll"
-r:"/home/ubuntu/Unity/Hub/Editor/2022.3.62f3/Editor/Data/Managed/UnityEngine/UnityEngine.XRModule.dll"
-r:"/home/ubuntu/Unity/Hub/Editor/2022.3.62f3/Editor/Data/Managed/UnityEngine/UnityEngine.dll"
-r:"/home/ubuntu/Unity/Hub/Editor/2022.3.62f3/Editor/Data/NetStandard/Extensions/2.0.0/System.Runtime.InteropServices.WindowsRuntime.dll"
-r:"/home/ubuntu/Unity/Hub/Editor/2022.3.62f3/Editor/Data/NetStandard/compat/2.1.0/shims/netfx/System.ComponentModel.Composition.dll"
-r:"/home/ubuntu/Unity/Hub/Editor/2022.3.62f3/Editor/Data/NetStandard/compat/2.1.0/shims/netfx/System.Core.dll"
-r:"/home/ubuntu/Unity/Hub/Editor/2022.3.62f3/Editor/Data/NetStandard/compat/2.1.0/shims/netfx/System.Data.dll"
-r:"/home/ubuntu/Unity/Hub/Editor/2022.3.62f3/Editor/Data/NetStandard/compat/2.1.0/shims/netfx/System.Drawing.dll"
-r:"/home/ubuntu/Unity/Hub/Editor/2022.3.62f3/Editor/Data/NetStandard/compat/2.1.0/shims/netfx/System.IO.Compression.FileSystem.dll"
-r:"/home/ubuntu/Unity/Hub/Editor/2022.3.62f3/Editor/Data/NetStandard/compat/2.1.0/shims/netfx/System.Net.dll"
-r:"/home/ubuntu/Unity/Hub/Editor/2022.3.62f3/Editor/Data/NetStandard/compat/2.1.0/shims/netfx/System.Numerics.dll"
-r:"/home/ubuntu/Unity/Hub/Editor/2022.3.62f3/Editor/Data/NetStandard/compat/2.1.0/shims/netfx/System.Runtime.Serialization.dll"
-r:"/home/ubuntu/Unity/Hub/Editor/2022.3.62f3/Editor/Data/NetStandard/compat/2.1.0/shims/netfx/System.ServiceModel.Web.dll"
-r:"/home/ubuntu/Unity/Hub/Editor/2022.3.62f3/Editor/Data/NetStandard/compat/2.1.0/shims/netfx/System.Transactions.dll"
-r:"/home/ubuntu/Unity/Hub/Editor/2022.3.62f3/Editor/Data/NetStandard/compat/2.1.0/shims/netfx/System.Web.dll"
-r:"/home/ubuntu/Unity/Hub/Editor/2022.3.62f3/Editor/Data/NetStandard/compat/2.1.0/shims/netfx/System.Windows.dll"
-r:"/home/ubuntu/Unity/Hub/Editor/2022.3.62f3/Editor/Data/NetStandard/compat/2.1.0/shims/netfx/System.Xml.Linq.dll"
-r:"/home/ubuntu/Unity/Hub/Editor/2022.3.62f3/Editor/Data/NetStandard/compat/2.1.0/shims/netfx/System.Xml.Serialization.dll"
-r:"/home/ubuntu/Unity/Hub/Editor/2022.3.62f3/Editor/Data/NetStandard/compat/2.1.0/shims/netfx/System.Xml.dll"
-r:"/home/ubuntu/Unity/Hub/Editor/2022.3.62f3/Editor/Data/NetStandard/compat/2.1.0/shims/netfx/System.dll"
-r:"/home/ubuntu/Unity/Hub/Editor/2022.3.62f3/Editor/Data/NetStandard/compat/2.1.0/shims/netfx/mscorlib.dll"
-r:"/home/ubuntu/Unity/Hub/Editor/2022.3.62f3/Editor/Data/NetStandard/compat/2.1.0/shims/netstandard/Microsoft.Win32.Primitives.dll"
-r:"/home/ubuntu/Unity/Hub/Editor/2022.3.62f3/Editor/Data/NetStandard/compat/2.1.0/shims/netstandard/System.AppContext.dll"
-r:"/home/ubuntu/Unity/Hub/Editor/2022.3.62f3/Editor/Data/NetStandard/compat/2.1.0/shims/netstandard/System.Buffers.dll"
-r:"/home/ubuntu/Unity/Hub/Editor/2022.3.62f3/Editor/Data/NetStandard/compat/2.1.0/shims/netstandard/System.Collections.Concurrent.dll"
-r:"/home/ubuntu/Unity/Hub/Editor/2022.3.62f3/Editor/Data/NetStandard/compat/2.1.0/shims/netstandard/System.Collections.NonGeneric.dll"
-r:"/home/ubuntu/Unity/Hub/Editor/2022.3.62f3/Editor/Data/NetStandard/compat/2.1.0/shims/netstandard/System.Collections.Specialized.dll"
-r:"/home/ubuntu/Unity/Hub/Editor/2022.3.62f3/Editor/Data/NetStandard/compat/2.1.0/shims/netstandard/System.Collections.dll"
-r:"/home/ubuntu/Unity/Hub/Editor/2022.3.62f3/Editor/Data/NetStandard/compat/2.1.0/shims/netstandard/System.ComponentModel.EventBasedAsync.dll"
-r:"/home/ubuntu/Unity/Hub/Editor/2022.3.62f3/Editor/Data/NetStandard/compat/2.1.0/shims/netstandard/System.ComponentModel.Primitives.dll"
-r:"/home/ubuntu/Unity/Hub/Editor/2022.3.62f3/Editor/Data/NetStandard/compat/2.1.0/shims/netstandard/System.ComponentModel.TypeConverter.dll"
-r:"/home/ubuntu/Unity/Hub/Editor/2022.3.62f3/Editor/Data/NetStandard/compat/2.1.0/shims/netstandard/System.ComponentModel.dll"
-r:"/home/ubuntu/Unity/Hub/Editor/2022.3.62f3/Editor/Data/NetStandard/compat/2.1.0/shims/netstandard/System.Console.dll"
-r:"/home/ubuntu/Unity/Hub/Editor/2022.3.62f3/Editor/Data/NetStandard/compat/2.1.0/shims/netstandard/System.Data.Common.dll"
-r:"/home/ubuntu/Unity/Hub/Editor/2022.3.62f3/Editor/Data/NetStandard/compat/2.1.0/shims/netstandard/System.Diagnostics.Contracts.dll"
-r:"/home/ubuntu/Unity/Hub/Editor/2022.3.62f3/Editor/Data/NetStandard/compat/2.1.0/shims/netstandard/System.Diagnostics.Debug.dll"
-r:"/home/ubuntu/Unity/Hub/Editor/2022.3.62f3/Editor/Data/NetStandard/compat/2.1.0/shims/netstandard/System.Diagnostics.FileVersionInfo.dll"
-r:"/home/ubuntu/Unity/Hub/Editor/2022.3.62f3/Editor/Data/NetStandard/compat/2.1.0/shims/netstandard/System.Diagnostics.Process.dll"
-r:"/home/ubuntu/Unity/Hub/Editor/2022.3.62f3/Editor/Data/NetStandard/compat/2.1.0/shims/netstandard/System.Diagnostics.StackTrace.dll"
-r:"/home/ubuntu/Unity/Hub/Editor/2022.3.62f3/Editor/Data/NetStandard/compat/2.1.0/shims/netstandard/System.Diagnostics.TextWriterTraceListener.dll"
-r:"/home/ubuntu/Unity/Hub/Editor/2022.3.62f3/Editor/Data/NetStandard/compat/2.1.0/shims/netstandard/System.Diagnostics.Tools.dll"
-r:"/home/ubuntu/Unity/Hub/Editor/2022.3.62f3/Editor/Data/NetStandard/compat/2.1.0/shims/netstandard/System.Diagnostics.TraceSource.dll"
-r:"/home/ubuntu/Unity/Hub/Editor/2022.3.62f3/Editor/Data/NetStandard/compat/2.1.0/shims/netstandard/System.Diagnostics.Tracing.dll"
-r:"/home/ubuntu/Unity/Hub/Editor/2022.3.62f3/Editor/Data/NetStandard/compat/2.1.0/shims/netstandard/System.Drawing.Primitives.dll"
-r:"/home/ubuntu/Unity/Hub/Editor/2022.3.62f3/Editor/Data/NetStandard/compat/2.1.0/shims/netstandard/System.Dynamic.Runtime.dll"
-r:"/home/ubuntu/Unity/Hub/Editor/2022.3.62f3/Editor/Data/NetStandard/compat/2.1.0/shims/netstandard/System.Globalization.Calendars.dll"
-r:"/home/ubuntu/Unity/Hub/Editor/2022.3.62f3/Editor/Data/NetStandard/compat/2.1.0/shims/netstandard/System.Globalization.Extensions.dll"
-r:"/home/ubuntu/Unity/Hub/Editor/2022.3.62f3/Editor/Data/NetStandard/compat/2.1.0/shims/netstandard/System.Globalization.dll"
-r:"/home/ubuntu/Unity/Hub/Editor/2022.3.62f3/Editor/Data/NetStandard/compat/2.1.0/shims/netstandard/System.IO.Compression.ZipFile.dll"
-r:"/home/ubuntu/Unity/Hub/Editor/2022.3.62f3/Editor/Data/NetStandard/compat/2.1.0/shims/netstandard/System.IO.Compression.dll"
-r:"/home/ubuntu/Unity/Hub/Editor/2022.3.62f3/Editor/Data/NetStandard/compat/2.1.0/shims/netstandard/System.IO.FileSystem.DriveInfo.dll"
-r:"/home/ubuntu/Unity/Hub/Editor/2022.3.62f3/Editor/Data/NetStandard/compat/2.1.0/shims/netstandard/System.IO.FileSystem.Primitives.dll"
-r:"/home/ubuntu/Unity/Hub/Editor/2022.3.62f3/Editor/Data/NetStandard/compat/2.1.0/shims/netstandard/System.IO.FileSystem.Watcher.dll"
-r:"/home/ubuntu/Unity/Hub/Editor/2022.3.62f3/Editor/Data/NetStandard/compat/2.1.0/shims/netstandard/System.IO.FileSystem.dll"
-r:"/home/ubuntu/Unity/Hub/Editor/2022.3.62f3/Editor/Data/NetStandard/compat/2.1.0/shims/netstandard/System.IO.IsolatedStorage.dll"
-r:"/home/ubuntu/Unity/Hub/Editor/2022.3.62f3/Editor/Data/NetStandard/compat/2.1.0/shims/netstandard/System.IO.MemoryMappedFiles.dll"
-r:"/home/ubuntu/Unity/Hub/Editor/2022.3.62f3/Editor/Data/NetStandard/compat/2.1.0/shims/netstandard/System.IO.Pipes.dll"
-r:"/home/ubuntu/Unity/Hub/Editor/2022.3.62f3/Editor/Data/NetStandard/compat/2.1.0/shims/netstandard/System.IO.UnmanagedMemoryStream.dll"
-r:"/home/ubuntu/Unity/Hub/Editor/2022.3.62f3/Editor/Data/NetStandard/compat/2.1.0/shims/netstandard/System.IO.dll"
-r:"/home/ubuntu/Unity/Hub/Editor/2022.3.62f3/Editor/Data/NetStandard/compat/2.1.0/shims/netstandard/System.Linq.Expressions.dll"
-r:"/home/ubuntu/Unity/Hub/Editor/2022.3.62f3/Editor/Data/NetStandard/compat/2.1.0/shims/netstandard/System.Linq.Parallel.dll"
-r:"/home/ubuntu/Unity/Hub/Editor/2022.3.62f3/Editor/Data/NetStandard/compat/2.1.0/shims/netstandard/System.Linq.Queryable.dll"
-r:"/home/ubuntu/Unity/Hub/Editor/2022.3.62f3/Editor/Data/NetStandard/compat/2.1.0/shims/netstandard/System.Linq.dll"
-r:"/home/ubuntu/Unity/Hub/Editor/2022.3.62f3/Editor/Data/NetStandard/compat/2.1.0/shims/netstandard/System.Memory.dll"
-r:"/home/ubuntu/Unity/Hub/Editor/2022.3.62f3/Editor/Data/NetStandard/compat/2.1.0/shims/netstandard/System.Net.Http.dll"
-r:"/home/ubuntu/Unity/Hub/Editor/2022.3.62f3/Editor/Data/NetStandard/compat/2.1.0/shims/netstandard/System.Net.NameResolution.dll"
-r:"/home/ubuntu/Unity/Hub/Editor/2022.3.62f3/Editor/Data/NetStandard/compat/2.1.0/shims/netstandard/System.Net.NetworkInformation.dll"
-r:"/home/ubuntu/Unity/Hub/Editor/2022.3.62f3/Editor/Data/NetStandard/compat/2.1.0/shims/netstandard/System.Net.Ping.dll"
-r:"/home/ubuntu/Unity/Hub/Editor/2022.3.62f3/Editor/Data/NetStandard/compat/2.1.0/shims/netstandard/System.Net.Primitives.dll"
-r:"/home/ubuntu/Unity/Hub/Editor/2022.3.62f3/Editor/Data/NetStandard/compat/2.1.0/shims/netstandard/System.Net.Requests.dll"
-r:"/home/ubuntu/Unity/Hub/Editor/2022.3.62f3/Editor/Data/NetStandard/compat/2.1.0/shims/netstandard/System.Net.Security.dll"
-r:"/home/ubuntu/Unity/Hub/Editor/2022.3.62f3/Editor/Data/NetStandard/compat/2.1.0/shims/netstandard/System.Net.Sockets.dll"
-r:"/home/ubuntu/Unity/Hub/Editor/2022.3.62f3/Editor/Data/NetStandard/compat/2.1.0/shims/netstandard/System.Net.WebHeaderCollection.dll"
-r:"/home/ubuntu/Unity/Hub/Editor/2022.3.62f3/Editor/Data/NetStandard/compat/2.1.0/shims/netstandard/System.Net.WebSockets.Client.dll"
-r:"/home/ubuntu/Unity/Hub/Editor/2022.3.62f3/Editor/Data/NetStandard/compat/2.1.0/shims/netstandard/System.Net.WebSockets.dll"
-r:"/home/ubuntu/Unity/Hub/Editor/2022.3.62f3/Editor/Data/NetStandard/compat/2.1.0/shims/netstandard/System.Numerics.Vectors.dll"
-r:"/home/ubuntu/Unity/Hub/Editor/2022.3.62f3/Editor/Data/NetStandard/compat/2.1.0/shims/netstandard/System.ObjectModel.dll"
-r:"/home/ubuntu/Unity/Hub/Editor/2022.3.62f3/Editor/Data/NetStandard/compat/2.1.0/shims/netstandard/System.Reflection.DispatchProxy.dll"
-r:"/home/ubuntu/Unity/Hub/Editor/2022.3.62f3/Editor/Data/NetStandard/compat/2.1.0/shims/netstandard/System.Reflection.Emit.ILGeneration.dll"
-r:"/home/ubuntu/Unity/Hub/Editor/2022.3.62f3/Editor/Data/NetStandard/compat/2.1.0/shims/netstandard/System.Reflection.Emit.Lightweight.dll"
-r:"/home/ubuntu/Unity/Hub/Editor/2022.3.62f3/Editor/Data/NetStandard/compat/2.1.0/shims/netstandard/System.Reflection.Emit.dll"
-r:"/home/ubuntu/Unity/Hub/Editor/2022.3.62f3/Editor/Data/NetStandard/compat/2.1.0/shims/netstandard/System.Reflection.Extensions.dll"
-r:"/home/ubuntu/Unity/Hub/Editor/2022.3.62f3/Editor/Data/NetStandard/compat/2.1.0/shims/netstandard/System.Reflection.Primitives.dll"
-r:"/home/ubuntu/Unity/Hub/Editor/2022.3.62f3/Editor/Data/NetStandard/compat/2.1.0/shims/netstandard/System.Reflection.dll"
-r:"/home/ubuntu/Unity/Hub/Editor/2022.3.62f3/Editor/Data/NetStandard/compat/2.1.0/shims/netstandard/System.Resources.Reader.dll"
-r:"/home/ubuntu/Unity/Hub/Editor/2022.3.62f3/Editor/Data/NetStandard/compat/2.1.0/shims/netstandard/System.Resources.ResourceManager.dll"
-r:"/home/ubuntu/Unity/Hub/Editor/2022.3.62f3/Editor/Data/NetStandard/compat/2.1.0/shims/netstandard/System.Resources.Writer.dll"
-r:"/home/ubuntu/Unity/Hub/Editor/2022.3.62f3/Editor/Data/NetStandard/compat/2.1.0/shims/netstandard/System.Runtime.CompilerServices.VisualC.dll"
-r:"/home/ubuntu/Unity/Hub/Editor/2022.3.62f3/Editor/Data/NetStandard/compat/2.1.0/shims/netstandard/System.Runtime.Extensions.dll"
-r:"/home/ubuntu/Unity/Hub/Editor/2022.3.62f3/Editor/Data/NetStandard/compat/2.1.0/shims/netstandard/System.Runtime.Handles.dll"
-r:"/home/ubuntu/Unity/Hub/Editor/2022.3.62f3/Editor/Data/NetStandard/compat/2.1.0/shims/netstandard/System.Runtime.InteropServices.RuntimeInformation.dll"
-r:"/home/ubuntu/Unity/Hub/Editor/2022.3.62f3/Editor/Data/NetStandard/compat/2.1.0/shims/netstandard/System.Runtime.InteropServices.dll"
-r:"/home/ubuntu/Unity/Hub/Editor/2022.3.62f3/Editor/Data/NetStandard/compat/2.1.0/shims/netstandard/System.Runtime.Numerics.dll"
-r:"/home/ubuntu/Unity/Hub/Editor/2022.3.62f3/Editor/Data/NetStandard/compat/2.1.0/shims/netstandard/System.Runtime.Serialization.Formatters.dll"
-r:"/home/ubuntu/Unity/Hub/Editor/2022.3.62f3/Editor/Data/NetStandard/compat/2.1.0/shims/netstandard/System.Runtime.Serialization.Json.dll"
-r:"/home/ubuntu/Unity/Hub/Editor/2022.3.62f3/Editor/Data/NetStandard/compat/2.1.0/shims/netstandard/System.Runtime.Serialization.Primitives.dll"
-r:"/home/ubuntu/Unity/Hub/Editor/2022.3.62f3/Editor/Data/NetStandard/compat/2.1.0/shims/netstandard/System.Runtime.Serialization.Xml.dll"
-r:"/home/ubuntu/Unity/Hub/Editor/2022.3.62f3/Editor/Data/NetStandard/compat/2.1.0/shims/netstandard/System.Runtime.dll"
-r:"/home/ubuntu/Unity/Hub/Editor/2022.3.62f3/Editor/Data/NetStandard/compat/2.1.0/shims/netstandard/System.Security.Claims.dll"
-r:"/home/ubuntu/Unity/Hub/Editor/2022.3.62f3/Editor/Data/NetStandard/compat/2.1.0/shims/netstandard/System.Security.Cryptography.Algorithms.dll"
-r:"/home/ubuntu/Unity/Hub/Editor/2022.3.62f3/Editor/Data/NetStandard/compat/2.1.0/shims/netstandard/System.Security.Cryptography.Csp.dll"
-r:"/home/ubuntu/Unity/Hub/Editor/2022.3.62f3/Editor/Data/NetStandard/compat/2.1.0/shims/netstandard/System.Security.Cryptography.Encoding.dll"
-r:"/home/ubuntu/Unity/Hub/Editor/2022.3.62f3/Editor/Data/NetStandard/compat/2.1.0/shims/netstandard/System.Security.Cryptography.Primitives.dll"
-r:"/home/ubuntu/Unity/Hub/Editor/2022.3.62f3/Editor/Data/NetStandard/compat/2.1.0/shims/netstandard/System.Security.Cryptography.X509Certificates.dll"
-r:"/home/ubuntu/Unity/Hub/Editor/2022.3.62f3/Editor/Data/NetStandard/compat/2.1.0/shims/netstandard/System.Security.Principal.dll"
-r:"/home/ubuntu/Unity/Hub/Editor/2022.3.62f3/Editor/Data/NetStandard/compat/2.1.0/shims/netstandard/System.Security.SecureString.dll"
-r:"/home/ubuntu/Unity/Hub/Editor/2022.3.62f3/Editor/Data/NetStandard/compat/2.1.0/shims/netstandard/System.Text.Encoding.Extensions.dll"
-r:"/home/ubuntu/Unity/Hub/Editor/2022.3.62f3/Editor/Data/NetStandard/compat/2.1.0/shims/netstandard/System.Text.Encoding.dll"
-r:"/home/ubuntu/Unity/Hub/Editor/2022.3.62f3/Editor/Data/NetStandard/compat/2.1.0/shims/netstandard/System.Text.RegularExpressions.dll"
-r:"/home/ubuntu/Unity/Hub/Editor/2022.3.62f3/Editor/Data/NetStandard/compat/2.1.0/shims/netstandard/System.Threading.Overlapped.dll"
-r:"/home/ubuntu/Unity/Hub/Editor/2022.3.62f3/Editor/Data/NetStandard/compat/2.1.0/shims/netstandard/System.Threading.Tasks.Extensions.dll"
-r:"/home/ubuntu/Unity/Hub/Editor/2022.3.62f3/Editor/Data/NetStandard/compat/2.1.0/shims/netstandard/System.Threading.Tasks.Parallel.dll"
-r:"/home/ubuntu/Unity/Hub/Editor/2022.3.62f3/Editor/Data/NetStandard/compat/2.1.0/shims/netstandard/System.Threading.Tasks.dll"
-r:"/home/ubuntu/Unity/Hub/Editor/2022.3.62f3/Editor/Data/NetStandard/compat/2.1.0/shims/netstandard/System.Threading.Thread.dll"
-r:"/home/ubuntu/Unity/Hub/Editor/2022.3.62f3/Editor/Data/NetStandard/compat/2.1.0/shims/netstandard/System.Threading.ThreadPool.dll"
-r:"/home/ubuntu/Unity/Hub/Editor/2022.3.62f3/Editor/Data/NetStandard/compat/2.1.0/shims/netstandard/System.Threading.Timer.dll"
-r:"/home/ubuntu/Unity/Hub/Editor/2022.3.62f3/Editor/Data/NetStandard/compat/2.1.0/shims/netstandard/System.Threading.dll"
-r:"/home/ubuntu/Unity/Hub/Editor/2022.3.62f3/Editor/Data/NetStandard/compat/2.1.0/shims/netstandard/System.ValueTuple.dll"
-r:"/home/ubuntu/Unity/Hub/Editor/2022.3.62f3/Editor/Data/NetStandard/compat/2.1.0/shims/netstandard/System.Xml.ReaderWriter.dll"
-r:"/home/ubuntu/Unity/Hub/Editor/2022.3.62f3/Editor/Data/NetStandard/compat/2.1.0/shims/netstandard/System.Xml.XDocument.dll"
-r:"/home/ubuntu/Unity/Hub/Editor/2022.3.62f3/Editor/Data/NetStandard/compat/2.1.0/shims/netstandard/System.Xml.XPath.XDocument.dll"
-r:"/home/ubuntu/Unity/Hub/Editor/2022.3.62f3/Editor/Data/NetStandard/compat/2.1.0/shims/netstandard/System.Xml.XPath.dll"
-r:"/home/ubuntu/Unity/Hub/Editor/2022.3.62f3/Editor/Data/NetStandard/compat/2.1.0/shims/netstandard/System.Xml.XmlDocument.dll"
-r:"/home/ubuntu/Unity/Hub/Editor/2022.3.62f3/Editor/Data/NetStandard/compat/2.1.0/shims/netstandard/System.Xml.XmlSerializer.dll"
-r:"/home/ubuntu/Unity/Hub/Editor/2022.3.62f3/Editor/Data/NetStandard/ref/2.1.0/netstandard.dll"
-r:"/home/ubuntu/Unity/Hub/Editor/2022.3.62f3/Editor/Data/PlaybackEngines/AndroidPlayer/Unity.Android.Gradle.dll"
-r:"/home/ubuntu/Unity/Hub/Editor/2022.3.62f3/Editor/Data/PlaybackEngines/AndroidPlayer/Unity.Android.GradleProject.dll"
-r:"/home/ubuntu/Unity/Hub/Editor/2022.3.62f3/Editor/Data/PlaybackEngines/AndroidPlayer/Unity.Android.Types.dll"
-analyzer:"/home/ubuntu/Unity/Hub/Editor/2022.3.62f3/Editor/Data/Tools/Unity.SourceGenerators/Unity.Properties.SourceGenerator.dll"
-analyzer:"/home/ubuntu/Unity/Hub/Editor/2022.3.62f3/Editor/Data/Tools/Unity.SourceGenerators/Unity.SourceGenerators.dll"
"Assets/Scripts/Bounce.cs"
"Assets/Scripts/BuildScript.cs"
"Assets/Scripts/LevelGenerator.cs"
"Assets/Scripts/MovingPlatform.cs"
"Assets/Scripts/Obstacle.cs"
"Assets/Scripts/PowerUp.cs"
"Assets/Scripts/SoundManager.cs"
-langversion:9.0
/deterministic
/optimize+
/debug:portable
/nologo
/RuntimeMetadataVersion:v4.0.30319
/nowarn:0169
/nowarn:0649
/nowarn:0282
/nowarn:1701
/nowarn:1702
/utf8output
/preferreduilang:en-US
/additionalfile:"Library/Bee/artifacts/1300b0aE.dag/Assembly-CSharp.UnityAdditionalFile.txt"
##### Custom Environment Variables
DOTNET_MULTILEVEL_LOOKUP=0
##### ExitCode
1
##### Output
Assets/Scripts/LevelGenerator.cs(78,9): error CS0131: The left-hand side of an assignment must be a variable, property or indexer
*** Tundra build failed (2.08 seconds), 2 items updated, 107 evaluated
## Script Compilation Error for: Csc Library/Bee/artifacts/1300b0aE.dag/Assembly-CSharp.dll (+2 others)
## CmdLine: "/home/ubuntu/Unity/Hub/Editor/2022.3.62f3/Editor/Data/NetCoreRuntime/dotnet" exec "/home/ubuntu/Unity/Hub/Editor/2022.3.62f3/Editor/Data/DotNetSdkRoslyn/csc.dll" /nostdlib /noconfig /shared "@Library/Bee/artifacts/1300b0aE.dag/Assembly-CSharp.rsp" "@Library/Bee/artifacts/1300b0aE.dag/Assembly-CSharp.rsp2"
## Output:
Assets/Scripts/LevelGenerator.cs(78,9): error CS0131: The left-hand side of an assignment must be a variable, property or indexer
/PlaybackEngines/AndroidPlayer/Unity.Android.Gradle.dll"
-r:"/home/ubuntu/Unity/Hub/Editor/2022.3.62f3/Editor/Data/PlaybackEngines/AndroidPlayer/Unity.Android.GradleProject.dll"
-r:"/home/ubuntu/Unity/Hub/Editor/2022.3.62f3/Editor/Data/PlaybackEngines/AndroidPlayer/Unity.Android.Types.dll"
-analyzer:"/home/ubuntu/Unity/Hub/Editor/2022.3.62f3/Editor/Data/Tools/Unity.SourceGenerators/Unity.Properties.SourceGenerator.dll"
-analyzer:"/home/ubuntu/Unity/Hub/Editor/2022.3.62f3/Editor/Data/Tools/Unity.SourceGenerators/Unity.SourceGenerators.dll"
"Assets/Scripts/Bounce.cs"
"Assets/Scripts/BuildScript.cs"
"Assets/Scripts/LevelGenerator.cs"
"Assets/Scripts/MovingPlatform.cs"
"Assets/Scripts/Obstacle.cs"
"Assets/Scripts/PowerUp.cs"
"Assets/Scripts/SoundManager.cs"
-langversion:9.0
/deterministic
/optimize+
/debug:portable
/nologo
/RuntimeMetadataVersion:v4.0.30319
/nowarn:0169
/nowarn:0649
/nowarn:0282
/nowarn:1701
/nowarn:1702
/utf8output
/preferreduilang:en-US
/additionalfile:"Library/Bee/artifacts/1300b0aE.dag/Assembly-CSharp.UnityAdditionalFile.txt"
Total cache size 0
Total cache size after purge 0
Assets/Scripts/LevelGenerator.cs(78,9): error CS0131: The left-hand side of an assignment must be a variable, property or indexer
AssetDatabase: script compilation time: 4.443249s
Scripts have compiler errors.
[40m[32minfo[39m[22m[49m: Microsoft.Hosting.Lifetime[0]
      Application is shutting down...
